Case #1: 33.333333333 66.666666667
Case #2: 0.000000000 100.000000000
Case #3: 25.000000000 25.000000000 25.000000000 25.000000000
Case #4: 34.666666667 26.666666667 38.666666667
Case #5: 14.285714286 14.285714286 14.285714286 14.285714286 0.000000000 14.285714286 14.285714286 14.285714286
Case #6: 50.000000000 50.000000000
Case #7: 11.433172303 10.397975615 10.812054290 11.640211640 11.433172303 9.983896940 10.397975615 0.000000000 12.054290315 11.847250978
Case #8: 10.000000000 10.000000000 10.000000000 10.000000000 10.000000000 10.000000000 10.000000000 10.000000000 10.000000000 10.000000000
Case #9: 2.272727273 13.863636364 14.318181818 13.863636364 13.863636364 14.318181818 13.863636364 13.636363636
Case #10: 10.045100451 13.181631816 13.181631816 12.259122591 12.812628126 8.569085691 7.646576466 10.229602296 12.074620746
Case #11: 47.272727273 52.727272727
Case #12: 0.000000000 25.000000000 25.000000000 25.000000000 25.000000000 0.000000000 0.000000000
Case #13: 66.666666667 33.333333333
Case #14: 9.909909910 9.729729730 10.630630631 9.549549550 11.711711712 9.369369369 9.189189189 12.072072072 9.729729730 8.108108108
Case #15: 11.111111111 11.111111111 11.111111111 11.111111111 11.111111111 11.111111111 11.111111111 11.111111111 11.111111111 0.000000000
Case #16: 0.000000000 19.489981785 17.850637523 5.391621129 10.965391621 9.981785064 8.342440801 19.489981785 7.686703097 0.801457195
Case #17: 86.206896552 13.793103448
Case #18: 16.666666667 16.666666667 16.666666667 16.666666667 16.666666667 16.666666667
Case #19: 0.000000000 100.000000000
Case #20: 19.933554817 0.000000000 0.000000000 0.000000000 19.933554817 0.000000000 20.265780731 19.933554817 19.933554817
