1091 DDLURULDDR
1554 RRRD
2943 DLLLUUURRRDLULLDDDRRRUUULDRDD
3512 DLURULDDR
2782 LLDRR
428 RRRULDRUULDDRULURDDLURULDDR
1914 DLLDRRULDLURRDLURDLLURRD
1253 RRRRDD
4157 URDD
3268 DRDD
622 LDRDLUURDLDLURRD
3754 LLDRRULDR
4921 LURULDDRULURDDLURUULDDRULURDDLDR
2739 LURDR
3432 DDLLURRD
741 DRRULDLURDLURRDDR
1395 RRRDRUULDRD
1878 DLUURDD
23 DDLLURDR
4716 LURDLUURDD
3488 DDRRULDLURRDLULDRR
4498 RDLULDRRD
4574 DRDLUURDLDRUULDRDLLURRDLLURDLURURDD
4365 RURRDLULDRRUULDDRULURDDLLURDR
1362 RDLURULDLURRDLLURDLURDDRULDR
2869 ULDRRULDLURULDRDLUURDLDRUULDRDLURULDRRD
4505 RRRDDLURULDDRULURDDLLLLUURRRRDDLUURDLULLLDDRRRRULDR
2418 RRULUURDLDRD
3923 DRDLUURDDLLURRDLULDRRULURDDLULDRRUULDLDRR
919 DLULDRRULLDRULDRRULDLURRULDRDLLURRULLDRDR
4405 DRDLUURDLULDRRD
バッチ ジョブを終了しますか (Y/N)? 