1091 DDLURULDDR
1554 RRRD
2943 DLLLUUURRRDLULLDDDRRRUUULDRDD
3512 DLURULDDR
2782 LLDRR
428 RRRULDRUULDDRULURDDLURULDDR
1914 DLLDRRULDLURRDLURDLLURRD
1253 RRRRDD
4157 URDD
3268 DRDD
622 LDRDLLURURDD
3754 LLDRRULDR
4921 LURULDDRULURDDLURUULDDDRUULURDDD
2739 LURDR
3432 DDLLURRD
741 DRRULDLURDLURRDDR
1395 RRRDRUULDRD
1878 DLUURDD
23 DDLLURDR
4716 ULDRULURDD
3488 DDRURDLLURRDLURDLULDRRULDR
4498 RDDLUULDRDR
4574 DDRULURDDLULDRRULLDRURDLLURRD
4365 RURRULDDRULURDD
1362 RDLURULDLURRDLDRULULDRDR
2869 RULDLURRDLLURDRULULDDRULURDDLUURDRD
4505 RRDRDLLLLUURRRDRDLUULLLDDRRRUURDDLURD
2418 RUUURDLDDR
3923 RDDLURULDDRULLDRRULURDLURDDLLURDR
919 DLULDRRULLDRULDRRULDLURRULDRDLLURRULLDRDR
4405 DRDLUURDDLUULDRDR
3357 RULDLURRDLLURDLURDRUULDRDLUURDLDRUULDDLUULDRRULDLURDLURRDDR
4231 RULDLURRDLLURDLURRULDRDLUURDLDR
3077 LDDRULURDDLLULDRRR
3632 DRRDLLUURDDLURRD
287 UULDRDLUURDLDLURDRUULLDRDR
バッチ ジョブを終了しますか (Y/N)? バッチ ジョブを終了しますか (Y/N)? 