1091 DDLURULDDR
1554 RRRD
2943 DLLLUUURRRDLULLDDDRRRUUULDRDD
3512 DLURULDDR
2782 LLDRR
428 RRURDLUURDLDRUULDRDLUURDLDR
1914 DDLLURRDLULDRRULLDRURDLLURRD
1253 RRRRDD
4157 URDD
3268 DRDD
622 LDRDLUURDLDLURRD
3754 LLDRURDLURD
4921 LURULDDRULURDDLURUULDDDRUULURDDD
2739 LURDR
3432 DDLLURRD
741 RDRDRUULLLDRURRDLLLURRDDRULDRULLURDLLURRDLULDRRDR
1395 RRRDRUULDRD
1878 DLUURDD
23 DDLLURDR
4716 ULDRULURDD
3488 DDRRULDLURRDLULDRR
4498 RDLULDRRD
4574 RDLDRUULDLDRRULLDRURDLLURURDLDRUULDRDLUURDLDLURRDLULDRR
4365 RURRULDDRULURDD
1362 ULDRDRULDRUULDLURDLURRDLLURDRDLURD
2869 ULURDRDLLURULDDRULURDDLURRDLULDRRULLDRURDLLURRDLULDRRULULDRRD
4505 RRDDRULURDDLLLLUURRRDDRULULLLDDRRRURDLURULDDRULURDLDLLLUDRRRRUULDRDLUURDDLURULDDRULULLLDDRRRURDLLLLUURRRDRDLUURDDLURD
2418 RUUURDLDDR
3923 RDDLULDRRULURDDLLURURDDLURD
919 LURDLDLUURRDLLDRRUULDLRDRULDLURRDLULDRR
4405 DRDLUURDLULDRRD
3357 LURDRULLLURRDRDLLURULLDRDRRUULDRDLLURULDDRRUULRDDLUULLDRRULDLURRDDR
4231 ULDRRULDLURDLURRDLLURDRUULDDRULURDDLURD
3077 LDDRULURDDLLULDRRR
3632 DRRDLLUURDDLURRD
287 UULDRDLUURDLDLURDRUULLDRDR
バッチ ジョブを終了しますか (Y/N)? 