4094 DDLURULLDRURDD
135 RRDLLDRULURDRD
1786 RDLLURRDLULDRURULDDRULURDLURDLDLURRD
2498 RDLULLURRRDD
1340 DRRULDLURRULLDRRULLDDRURD
2807 DRURDLLURDLURRDLLULDRRULDLURRDLLURRURDDLLURRULDDR
1117 LURRDLULDRURULDDRULURDDLURULDRDLURULDLURRDD
2199 UULDLURDRD
4547 DLDRDLUURDLURULDDRULURDDLLDRRUULDDRULLDRRULDLURDR
25 RUULLLLDDDRULUURRRRDDLDRULDR
731 RULDRDDD
3548 RDLURRDLLURDLURDRUULDRDLURULDRD
841 LURDDRULURDLDLURRD
3107 DDRDLURULULDDRDR
3219 DDLDRRULDRULULDDRR
206 URULDRRULDRD
2516 RRURDDLURULDRULLDDRR
2759 LULURDRDLLURRDLUULDDRRULLDRULURDRD
2387 DRDLUURDLDRUULDRULLDDRURULLDDRR
1147 DLLURRDLULDRULDRRULULDDRULURDDLURRDLUURDLDLLURRRD
460 RDLULURRDDDLUUULDRDRD
2619 LLURRDLULDRRULDRULLDRRULDLLURRDLULDRRRULDLURRULLDRRD
3530 LDDRRUULLDDRRRULDLLUURRDRD
3749 DLLDLDRRRUUULDRDD
1708 RDLDRUULDRDDLULDRRULLDRURDLLURRDLURULDDLURDR
1948 RDDRULURDLURDLLDLURRRD
1180 LDDRULURDLLDRURDLLULDRURDR
4028 LDRRULDLURRULLDRRDLLURRULDRDLLURURDLULDDRULDRR
1853 LDRDLUURDLDRUULDRDLLURULDDRRUULLDRRDLLLURRRD
541 LLURRRDLLULDRULDRRURDLULDRRULDLUURDRD
3442 RRRUULDRDLLURULDLDRRRULURDD
3636 LDRDLUURDDLLURRDLULDRRULURULDDRULURDDLURULDDRDLLURULDRURDLDR
3184 DDLURULDDLDRURDLLURDRULLURRULDLDRURDLDR
41 DRRUUULLDRRDDLLUUURDRDDLLUURRDD
バッチ ジョブを終了しますか (Y/N)? 