DUMP: o ===================================0  15
DEBUG: SZ(open)=1
DEBUG: SZ(close)=0
g: =====================MOU===ST0===YZN
n: ===================================0 (f=15, t=) / 0 & 0
DEBUG: SZ(close)=1
  (==================================0Z (f=17, t=R) new!
DEBUG: SZ(open)=1
  (=============================0=====U (f=28, t=D) new!
DEBUG: SZ(open)=2
x: =====================MOU===ST0===YZN (f=47, t=) / 0 & 0
  (=====================MOU===S0T===YZN (f=50, t=L) new!
  (=====================MOU===STN===YZ0 (f=30, t=D) new!
  (=====================MO0===STU===YZN (f=42, t=U) new!
n: ==================================0Z (f=17, t=R) / 1 & 1
DEBUG: SZ(close)=2
  (=================================0YZ (f=20, t=RR) new!
DEBUG: SZ(open)=2
  (============================0=====TZ (f=30, t=DR) new!
DEBUG: SZ(open)=3
x: =====================MOU===STN===YZ0 (f=30, t=D) / 2 & 1
  (=====================MOU===STN===Y0Z (f=32, t=DL) new!
n: =================================0YZ (f=20, t=RR) / 2 & 2
DEBUG: SZ(close)=3
  (================================0XYZ (f=99999, t=RRR) new!
DEBUG: SZ(open)=3
  (===========================0=====SYZ (f=39, t=DRR) new!
DEBUG: SZ(open)=4
x: =====================MOU===STN===Y0Z (f=32, t=DL) / 2 & 2
  (=====================MOU===STN===0YZ (f=35, t=DLL) new!
  (=====================MOU===S0N===YTZ (f=45, t=DLU) new!
n: =============================0=====U (f=28, t=D) / 3 & 3
DEBUG: SZ(close)=4
  (============================0T=====U (f=31, t=RD) new!
DEBUG: SZ(open)=4
  (=======================0=====O=====U (f=47, t=DD) new!
DEBUG: SZ(open)=5
x: =====================MOU===STN===0YZ (f=35, t=DLL) / 3 & 3
  (=====================MOU===STN==0XYZ (f=99999, t=DLLL) new!
  (=====================MOU===0TN===SYZ (f=54, t=DLLU) new!
n: ============================0=====TZ (f=30, t=DR) / 4 & 4
DEBUG: SZ(close)=5
  (============================U0====TZ (f=33, t=LDR) new!
DEBUG: SZ(open)=5
  (===========================0S=====TZ (f=34, t=RDR) new!
DEBUG: SZ(open)=6
  (======================0=====N=====TZ (f=31, t=DDR) new!
DEBUG: SZ(open)=7
x: =====================MO0===STU===YZN (f=42, t=U) / 4 & 4
  (=====================M0O===STU===YZN (f=41, t=UL) new!
  (=================0===MOI===STU===YZN (f=99999, t=UU) new!
n: ======================0=====N=====TZ (f=31, t=DDR) / 6 & 5
DEBUG: SZ(close)=6
  (======================O0====N=====TZ (f=29, t=LDDR) new!
DEBUG: SZ(open)=7
  (=====================0M=====N=====TZ (f=37, t=RDDR) new!
DEBUG: SZ(open)=8
  (================0=====H=====N=====TZ (f=99999, t=DDDR) new!
DEBUG: SZ(open)=9
x: =====================M0O===STU===YZN (f=41, t=UL) / 5 & 5
  (=====================0MO===STU===YZN (f=47, t=ULL) new!
  (=====================MTO===S0U===YZN (f=54, t=ULD) new!
  (================0====MHO===STU===YZN (f=99999, t=ULU) new!
n: ======================O0====N=====TZ (f=29, t=LDDR) / 8 & 6
DEBUG: SZ(close)=7
  (======================OU====N0====TZ (f=18, t=ULDDR) new!
DEBUG: SZ(open)=9
  (=================0====OI====N=====TZ (f=99999, t=DLDDR) new!
DEBUG: SZ(open)=10
x: =====================MOU===S0N===YTZ (f=45, t=DLU) / 7 & 6
  (=====================MOU===SN0===YTZ (f=43, t=DLUR) new!
  (=====================MOU===0SN===YTZ (f=49, t=DLUL) new!
  (=====================M0U===SON===YTZ (f=58, t=DLUU) new!
n: ======================OU====N0====TZ (f=18, t=ULDDR) / 9 & 7
DEBUG: SZ(open)=10
1 DLURULDDR
