DUMP: o ===================================0  3
g: ======================O0===STU===YZN
n: ===================================0 (f=3, t=) / 0 & 0
  (==================================0Z (f=5, t=R) new!
  (=============================0=====U (f=10, t=D) new!
n: ==================================0Z (f=5, t=R) / 1 & 1
  (=================================0YZ (f=8, t=RR) new!
  (============================0=====TZ (f=18, t=DR) new!
n: =================================0YZ (f=8, t=RR) / 2 & 2
  (================================0XYZ (f=99999, t=RRR) new!
  (===========================0=====SYZ (f=27, t=DRR) new!
n: =============================0=====U (f=10, t=D) / 3 & 3
  (============================0T=====U (f=13, t=RD) new!
  (=======================0=====O=====U (f=29, t=DD) new!
n: ============================0T=====U (f=13, t=RD) / 4 & 4
  (===========================0ST=====U (f=17, t=RRD) new!
  (============================ZT====0U (f=20, t=URD) new!
  (======================0=====NT=====U (f=14, t=DRD) new!
n: ======================0=====NT=====U (f=14, t=DRD) / 6 & 5
  (======================O0====NT=====U (f=12, t=LDRD) new!
  (=====================0M=====NT=====U (f=99999, t=RDRD) new!
  (================0=====H=====NT=====U (f=99999, t=DDRD) new!
n: ======================O0====NT=====U (f=12, t=LDRD) / 8 & 6
  (======================OT====N0=====U (f=25, t=ULDRD) new!
  (=================0====OI====NT=====U (f=99999, t=DLDRD) new!
n: ===========================0ST=====U (f=17, t=RRD) / 9 & 7
  (==========================0RST=====U (f=99999, t=RRRD) new!
  (===========================YST===0=U (f=30, t=URRD) new!
  (=====================0=====MST=====U (f=99999, t=DRRD) new!
n: ============================0=====TZ (f=18, t=DR) / 11 & 8
  (============================U0====TZ (f=20, t=LDR) new!
  (===========================0S=====TZ (f=22, t=RDR) new!
  (======================0=====N=====TZ (f=19, t=DDR) new!
n: ======================0=====N=====TZ (f=19, t=DDR) / 13 & 9
  (======================O0====N=====TZ (f=17, t=LDDR) new!
  (=====================0M=====N=====TZ (f=99999, t=RDDR) new!
  (================0=====H=====N=====TZ (f=99999, t=DDDR) new!
n: ======================O0====N=====TZ (f=17, t=LDDR) / 15 & 10
  (======================OU====N0====TZ (f=24, t=ULDDR) new!
  (=================0====OI====N=====TZ (f=99999, t=DLDDR) new!
n: ============================U0====TZ (f=20, t=LDR) / 16 & 11
  (============================UZ====T0 (f=27, t=ULDR) new!
  (=======================0====UO====TZ (f=39, t=DLDR) new!
n: ============================ZT====0U (f=20, t=URD) / 17 & 12
  (============================ZT====U0 (f=22, t=LURD) new!
  (============================ZT===0YU (f=23, t=RURD) new!
n: ===========================0S=====TZ (f=22, t=RDR) / 18 & 13
  (==========================0RS=====TZ (f=99999, t=RRDR) new!
  (===========================YS====0TZ (f=35, t=URDR) new!
  (=====================0=====MS=====TZ (f=99999, t=DRDR) new!
n: ============================ZT====U0 (f=22, t=LURD) / 20 & 14
  (============================Z0====UT (f=35, t=DLURD) new!
n: ============================ZT===0YU (f=23, t=RURD) / 20 & 15
  (============================ZT==0XYU (f=99999, t=RRURD) new!
  (===========================0ZT===SYU (f=42, t=DRURD) new!
n: ======================OU====N0====TZ (f=24, t=ULDDR) / 21 & 16
  (======================OU====0N====TZ (f=25, t=RULDDR) new!
  (======================OU====NZ====T0 (f=31, t=UULDDR) new!
n: ======================OT====N0=====U (f=25, t=ULDRD) / 22 & 17
  (======================OT====0N=====U (f=26, t=RULDRD) new!
  (======================OT====NU=====0 (f=20, t=UULDRD) new!
n: ======================OT====NU=====0 (f=20, t=UULDRD) / 23 & 18
  (======================OT====NU====0Z (f=22, t=RUULDRD) new!
n: ======================OT====NU====0Z (f=22, t=RUULDRD) / 23 & 19
  (======================OT====NU===0YZ (f=25, t=RRUULDRD) new!
  (======================OT====0U====NZ (f=23, t=DRUULDRD) new!
n: ======================OT====0U====NZ (f=23, t=DRUULDRD) / 24 & 20
  (======================OT====U0====NZ (f=25, t=LDRUULDRD) new!
  (======================OT===0SU====NZ (f=27, t=RDRUULDRD) new!
  (======================0T====OU====NZ (f=42, t=DDRUULDRD) new!
n: ======================OT====NU===0YZ (f=25, t=RRUULDRD) / 26 & 21
  (======================OT====NU==0XYZ (f=99999, t=RRRUULDRD) new!
  (======================OT===0NU===SYZ (f=44, t=DRRUULDRD) new!
n: ======================OT====U0====NZ (f=25, t=LDRUULDRD) / 27 & 22
  (======================OT====UZ====N0 (f=32, t=ULDRUULDRD) new!
  (======================O0====UT====NZ (f=14, t=DLDRUULDRD) new!
n: ======================O0====UT====NZ (f=14, t=DLDRUULDRD) / 28 & 23
  (======================0O====UT====NZ (f=18, t=RDLDRUULDRD) new!
  (=================0====OI====UT====NZ (f=99999, t=DDLDRUULDRD) new!
n: ======================0O====UT====NZ (f=18, t=RDLDRUULDRD) / 29 & 24
  (=====================0MO====UT====NZ (f=99999, t=RRDLDRUULDRD) new!
  (======================UO====0T====NZ (f=25, t=URDLDRUULDRD) new!
  (================0=====HO====UT====NZ (f=99999, t=DRDLDRUULDRD) new!
n: ======================OU====0N====TZ (f=25, t=RULDDR) / 31 & 25
  (======================OU===0SN====TZ (f=29, t=RRULDDR) new!
  (======================OU====TN====0Z (f=14, t=URULDDR) new!
  (======================0U====ON====TZ (f=44, t=DRULDDR) new!
n: ======================OU====TN====0Z (f=14, t=URULDDR) / 33 & 26
  (======================OU====TN====Z0 (f=14, t=LURULDDR) new!
  (======================OU====TN===0YZ (f=17, t=RURULDDR) new!
n: ======================OU====TN====Z0 (f=14, t=LURULDDR) / 34 & 27
  (======================OU====T0====ZN (f=15, t=DLURULDDR) new!
n: ======================OU====T0====ZN (f=15, t=DLURULDDR) / 34 & 28
  (======================OU====0T====ZN (f=18, t=RDLURULDDR) new!
  (======================O0====TU====ZN (f=10, t=DDLURULDDR) new!
n: ======================O0====TU====ZN (f=10, t=DDLURULDDR) / 35 & 29
1091 DDLURULDDR
DUMP: o ======================OU====TN===0YZ RURULDDR 40
DUMP: o ======================OU====0T====ZN RDLURULDDR 56
DUMP: o ======================UO====0T====NZ URDLDRUULDRD 54
DUMP: o ======================OT====0N=====U RULDRD 40
DUMP: o ===========================0=====SYZ DRR 24
DUMP: o ============================UZ====T0 ULDR 23
DUMP: o ======================OT===0SU====NZ RDRUULDRD 57
DUMP: o =======================0=====O=====U DD 20
DUMP: o ======================OU===0SN====TZ RRULDDR 41
DUMP: o ===========================YST===0=U URRD 19
DUMP: o ======================OU====NZ====T0 UULDDR 45
DUMP: o ======================OT====UZ====N0 ULDRUULDRD 66
DUMP: o ============================Z0====UT DLURD 22
DUMP: o ===========================YS====0TZ URDR 27
DUMP: o =======================0====UO====TZ DLDR 29
DUMP: o ======================0T====OU====NZ DDRUULDRD 71
DUMP: o ===========================0ZT===SYU DRURD 30
DUMP: o ======================0U====ON====TZ DRULDDR 55
DUMP: o ======================OT===0NU===SYZ DRRUULDRD 55
DUMP: o ======================OT====NU==0XYZ RRRUULDRD 46
DUMP: o ======================O0====TU====ZN DDLURULDDR 57
DUMP: o ================0=====H=====N=====TZ DDDR 65
DUMP: o ================0=====H=====NT=====U DDRD 57
DUMP: o ================0=====HO====UT====NZ DRDLDRUULDRD 84
DUMP: o =================0====OI====N=====TZ DLDDR 56
DUMP: o =================0====OI====NT=====U DLDRD 48
DUMP: o =================0====OI====UT====NZ DDLDRUULDRD 73
DUMP: o =====================0=====MS=====TZ DRDR 99999
DUMP: o =====================0=====MST=====U DRRD 99999
DUMP: o =====================0M=====N=====TZ RDDR 99999
DUMP: o =====================0M=====NT=====U RDRD 99999
DUMP: o =====================0MO====UT====NZ RRDLDRUULDRD 99999
DUMP: o ==========================0RS=====TZ RRDR 12
DUMP: o ==========================0RST=====U RRRD 4
DUMP: o ================================0XYZ RRR 15
DUMP: o ============================ZT==0XYU RRURD 21
DUMP: c ==================================0Z R 8
DUMP: c ===================================0  6
DUMP: c =================================0YZ RR 11
DUMP: c =============================0=====U D 7
DUMP: c ======================O0====NT=====U LDRD 29
DUMP: c ============================0T=====U RD 7
DUMP: c ======================0=====NT=====U DRD 26
DUMP: c ======================O0====UT====NZ DLDRUULDRD 54
DUMP: c ======================OU====TN====0Z URULDDR 37
DUMP: c ======================OU====TN====Z0 LURULDDR 37
DUMP: c ======================OU====T0====ZN DLURULDDR 56
DUMP: c ===========================0ST=====U RRD 6
DUMP: c ======================O0====N=====TZ LDDR 37
DUMP: c ======================0O====UT====NZ RDLDRUULDRD 53
DUMP: c ============================0=====TZ DR 15
DUMP: c ======================0=====N=====TZ DDR 34
DUMP: c ============================U0====TZ LDR 16
DUMP: c ============================ZT====0U URD 14
DUMP: c ======================OT====NU=====0 UULDRD 37
DUMP: c ===========================0S=====TZ RDR 14
DUMP: c ============================ZT====U0 LURD 15
DUMP: c ======================OT====NU====0Z RUULDRD 39
DUMP: c ============================ZT===0YU RURD 17
DUMP: c ======================OT====0U====NZ DRUULDRD 58
DUMP: c ======================OU====N0====TZ ULDDR 38
DUMP: c ======================OT====N0=====U ULDRD 36
DUMP: c ======================OT====NU===0YZ RRUULDRD 42
DUMP: c ======================OT====U0====NZ LDRUULDRD 59
DUMP: c ======================OU====0N====TZ RULDDR 42
g: ==============FGHI==L=NO==0RST==XYZU
1554 RRRD
DUMP: o ======================OU====0T====ZN RDLURULDDR 99999
DUMP: o ======================UO====0T====NZ URDLDRUULDRD 99999
DUMP: o ======================OT====0N=====U RULDRD 99999
DUMP: o ===========================0=====SYZ DRR 99999
DUMP: o ============================UZ====T0 ULDR 99999
DUMP: o ======================OT===0SU====NZ RDRUULDRD 99999
DUMP: o =======================0=====O=====U DD 33
DUMP: o ======================OU===0SN====TZ RRULDDR 99999
DUMP: o ===========================YST===0=U URRD 99999
DUMP: o ======================OU====NZ====T0 UULDDR 99999
DUMP: o ======================OT====UZ====N0 ULDRUULDRD 99999
DUMP: o ============================Z0====UT DLURD 99999
DUMP: o ===========================YS====0TZ URDR 99999
DUMP: o =======================0====UO====TZ DLDR 99999
DUMP: o ======================0T====OU====NZ DDRUULDRD 99999
DUMP: o ===========================0ZT===SYU DRURD 99999
DUMP: o ======================0U====ON====TZ DRULDDR 99999
DUMP: o ======================OT===0NU===SYZ DRRUULDRD 99999
DUMP: o ======================OT====NU==0XYZ RRRUULDRD 99999
DUMP: o ======================O0====TU====ZN DDLURULDDR 99999
DUMP: o ================0=====H=====N=====TZ DDDR 99999
DUMP: o ================0=====H=====NT=====U DDRD 99999
DUMP: o ================0=====HO====UT====NZ DRDLDRUULDRD 99999
DUMP: o =================0====OI====N=====TZ DLDDR 99999
DUMP: o =================0====OI====NT=====U DLDRD 99999
DUMP: o =================0====OI====UT====NZ DDLDRUULDRD 99999
DUMP: o =====================0=====MS=====TZ DRDR 99999
DUMP: o =====================0=====MST=====U DRRD 99999
DUMP: o =====================0M=====N=====TZ RDDR 99999
DUMP: o =====================0M=====NT=====U RDRD 99999
DUMP: o =====================0MO====UT====NZ RRDLDRUULDRD 99999
DUMP: o ==========================0RS=====TZ RRDR 99999
DUMP: o ==========================0RST=====U RRRD 99999
DUMP: o ================================0XYZ RRR 22
DUMP: o ============================ZT==0XYU RRURD 99999
DUMP: o ======================OU====TN===0YZ RURULDDR 99999
DUMP: c ===================================0  13
DUMP: c =================================0YZ RR 18
DUMP: c =============================0=====U D 14
DUMP: c ======================O0====NT=====U LDRD 99999
DUMP: c ============================0T=====U RD 99999
DUMP: c ======================0=====NT=====U DRD 99999
DUMP: c ======================O0====UT====NZ DLDRUULDRD 99999
DUMP: c ======================OU====TN====0Z URULDDR 99999
DUMP: c ======================OU====TN====Z0 LURULDDR 99999
DUMP: c ==================================0Z R 15
DUMP: c ======================OU====T0====ZN DLURULDDR 99999
DUMP: c ===========================0ST=====U RRD 99999
DUMP: c ======================O0====N=====TZ LDDR 99999
DUMP: c ======================0O====UT====NZ RDLDRUULDRD 99999
DUMP: c ============================0=====TZ DR 99999
DUMP: c ======================0=====N=====TZ DDR 99999
DUMP: c ============================U0====TZ LDR 99999
DUMP: c ============================ZT====0U URD 99999
DUMP: c ======================OT====NU=====0 UULDRD 99999
DUMP: c ===========================0S=====TZ RDR 99999
DUMP: c ============================ZT====U0 LURD 99999
DUMP: c ======================OT====NU====0Z RUULDRD 99999
DUMP: c ============================ZT===0YU RURD 99999
DUMP: c ======================OT====0U====NZ DRUULDRD 99999
DUMP: c ======================OU====N0====TZ ULDDR 99999
DUMP: c ======================OT====N0=====U ULDRD 99999
DUMP: c ======================OT====NU===0YZ RRUULDRD 99999
DUMP: c ======================OT====U0====NZ LDRUULDRD 99999
DUMP: c ======================OU====0N====TZ RULDDR 99999
g: ==============FGIH==L=ON==R==0==XYZU
n: ======================OU====0T====ZN (f=18, t=RDLURULDDR) / 35 & 29
  (======================OU===0ST====ZN (f=99999, t=RRDLURULDDR) new!
  (======================OU====ZT====0N (f=99999, t=URDLURULDDR) new!
  (======================0U====OT====ZN (f=99999, t=DRDLURULDDR) new!
n: ======================UO====0T====NZ (f=25, t=URDLDRUULDRD) / 37 & 30
  (======================UO====T0====NZ (f=99999, t=LURDLDRUULDRD) new!
  (======================UO===0ST====NZ (f=99999, t=RURDLDRUULDRD) new!
  (======================UO====NT====0Z (f=99999, t=UURDLDRUULDRD) new!
n: ======================OT====0N=====U (f=26, t=RULDRD) / 39 & 31
  (======================OT===0SN=====U (f=99999, t=RRULDRD) new!
  (======================OT====ZN====0U (f=99999, t=URULDRD) new!
  (======================0T====ON=====U (f=99999, t=DRULDRD) new!
n: ===========================0=====SYZ (f=27, t=DRR) / 41 & 32
  (===========================T0====SYZ (f=99999, t=LDRR) new!
  (==========================0R=====SYZ (f=99999, t=RDRR) new!
  (=====================0=====M=====SYZ (f=99999, t=DDRR) new!
n: ============================UZ====T0 (f=27, t=ULDR) / 43 & 33
  (============================UZ====0T (f=99999, t=RULDR) new!
n: ======================OT===0SU====NZ (f=27, t=RDRUULDRD) / 43 & 34
  (======================OT==0RSU====NZ (f=99999, t=RRDRUULDRD) new!
  (======================OT===YSU===0NZ (f=99999, t=URDRUULDRD) new!
  (=====================0OT===MSU====NZ (f=99999, t=DRDRUULDRD) new!
n: =======================0=====O=====U (f=29, t=DD) / 45 & 35
  (======================0N=====O=====U (f=32, t=RDD) new!
  (=================0=====I=====O=====U (f=64, t=DDD) new!
n: ======================OU===0SN====TZ (f=29, t=RRULDDR) / 46 & 36
  (======================OU==0RSN====TZ (f=99999, t=RRRULDDR) new!
  (======================OU===YSN===0TZ (f=99999, t=URRULDDR) new!
  (=====================0OU===MSN====TZ (f=99999, t=DRRULDDR) new!
n: ===========================YST===0=U (f=30, t=URRD) / 48 & 37
  (===========================YST===Z0U (f=99999, t=LURRD) new!
  (===========================YST==0X=U (f=99999, t=RURRD) new!
n: ======================OU====NZ====T0 (f=31, t=UULDDR) / 49 & 38
  (======================OU====NZ====0T (f=99999, t=RUULDDR) new!
n: ======================0N=====O=====U (f=32, t=RDD) / 49 & 39
  (=====================0MN=====O=====U (f=99999, t=RRDD) new!
  (======================TN====0O=====U (f=99999, t=URDD) new!
  (================0=====HN=====O=====U (f=51, t=DRDD) new!
n: ======================OT====UZ====N0 (f=32, t=ULDRUULDRD) / 51 & 40
  (======================OT====UZ====0N (f=99999, t=RULDRUULDRD) new!
n: ============================Z0====UT (f=35, t=DLURD) / 51 & 41
  (============================0Z====UT (f=99999, t=RDLURD) new!
  (=======================0====ZO====UT (f=99999, t=DDLURD) new!
n: ===========================YS====0TZ (f=35, t=URDR) / 52 & 42
  (===========================YS====T0Z (f=99999, t=LURDR) new!
  (===========================YS===0XTZ (f=99999, t=RURDR) new!
n: =======================0====UO====TZ (f=39, t=DLDR) / 53 & 43
  (======================0N====UO====TZ (f=99999, t=RDLDR) new!
  (=================0=====I====UO====TZ (f=99999, t=DDLDR) new!
n: ======================0T====OU====NZ (f=42, t=DDRUULDRD) / 54 & 44
  (======================T0====OU====NZ (f=99999, t=LDDRUULDRD) new!
  (=====================0MT====OU====NZ (f=99999, t=RDDRUULDRD) new!
  (================0=====HT====OU====NZ (f=99999, t=DDDRUULDRD) new!
n: ===========================0ZT===SYU (f=42, t=DRURD) / 56 & 45
  (===========================Z0T===SYU (f=99999, t=LDRURD) new!
  (==========================0RZT===SYU (f=99999, t=RDRURD) new!
  (=====================0=====MZT===SYU (f=99999, t=DDRURD) new!
n: ======================0U====ON====TZ (f=44, t=DRULDDR) / 58 & 46
  (======================U0====ON====TZ (f=99999, t=LDRULDDR) new!
  (=====================0MU====ON====TZ (f=99999, t=RDRULDDR) new!
  (================0=====HU====ON====TZ (f=99999, t=DDRULDDR) new!
n: ======================OT===0NU===SYZ (f=44, t=DRRUULDRD) / 60 & 47
  (======================OT===N0U===SYZ (f=99999, t=LDRRUULDRD) new!
  (======================OT==0RNU===SYZ (f=99999, t=RDRRUULDRD) new!
  (=====================0OT===MNU===SYZ (f=99999, t=DDRRUULDRD) new!
n: ======================OT====NU==0XYZ (f=46, t=RRRUULDRD) / 62 & 48
  (======================OT====NU=0WXYZ (f=99999, t=RRRRUULDRD) new!
  (======================OT==0=NU==RXYZ (f=99999, t=DRRRUULDRD) new!
n: ================0=====HN=====O=====U (f=51, t=DRDD) / 63 & 49
  (================I0====HN=====O=====U (f=47, t=LDRDD) new!
  (===============0G=====HN=====O=====U (f=60, t=RDRDD) new!
  (==========0=====B=====HN=====O=====U (f=99999, t=DDRDD) new!
n: ================I0====HN=====O=====U (f=47, t=LDRDD) / 65 & 50
  (================IN====H0=====O=====U (f=60, t=ULDRDD) new!
  (===========0====IC====HN=====O=====U (f=99999, t=DLDRDD) new!
n: ======================O0====TU====ZN (f=57, t=DDLURULDDR) / 66 & 51
  (======================0O====TU====ZN (f=99999, t=RDDLURULDDR) new!
  (=================0====OI====TU====ZN (f=99999, t=DDDLURULDDR) new!
n: ===============0G=====HN=====O=====U (f=60, t=RDRDD) / 67 & 52
  (==============0FG=====HN=====O=====U (f=74, t=RRDRDD) new!
  (===============MG====0HN=====O=====U (f=99999, t=URDRDD) new!
  (=========0=====AG=====HN=====O=====U (f=99999, t=DRDRDD) new!
n: ================IN====H0=====O=====U (f=60, t=ULDRDD) / 69 & 53
  (================IN====0H=====O=====U (f=58, t=RULDRDD) new!
  (================IN====HO=====0=====U (f=43, t=UULDRDD) new!
n: ================IN====HO=====0=====U (f=43, t=UULDRDD) / 70 & 54
  (================IN====HO====0T=====U (f=99999, t=RUULDRDD) new!
  (================IN====HO=====U=====0 (f=44, t=UUULDRDD) new!
n: ================IN====HO=====U=====0 (f=44, t=UUULDRDD) / 71 & 55
  (================IN====HO=====U====0Z (f=46, t=RUUULDRDD) new!
n: ================IN====HO=====U====0Z (f=46, t=RUUULDRDD) / 71 & 56
  (================IN====HO=====U===0YZ (f=49, t=RRUUULDRDD) new!
  (================IN====HO====0U====TZ (f=99999, t=DRUUULDRDD) new!
n: ================IN====HO=====U===0YZ (f=49, t=RRUUULDRDD) / 72 & 57
  (================IN====HO=====U==0XYZ (f=53, t=RRRUUULDRDD) new!
  (================IN====HO===0=U===SYZ (f=99999, t=DRRUUULDRDD) new!
n: ================IN====HO=====U==0XYZ (f=53, t=RRRUUULDRDD) / 73 & 58
  (================IN====HO=====U=0WXYZ (f=99999, t=RRRRUUULDRDD) new!
  (================IN====HO==0==U==RXYZ (f=84, t=DRRRUUULDRDD) new!
n: ================IN====0H=====O=====U (f=58, t=RULDRDD) / 74 & 59
  (================IN===0MH=====O=====U (f=99999, t=RRULDRDD) new!
  (================IN====TH====0O=====U (f=99999, t=URULDRDD) new!
  (================0N====IH=====O=====U (f=89, t=DRULDRDD) new!
n: =================0=====I=====O=====U (f=64, t=DDD) / 76 & 60
  (================0H=====I=====O=====U (f=62, t=RDDD) new!
  (===========0=====C=====I=====O=====U (f=99999, t=DDDD) new!
n: ================0H=====I=====O=====U (f=62, t=RDDD) / 77 & 61
  (===============0GH=====I=====O=====U (f=71, t=RRDDD) new!
  (================NH====0I=====O=====U (f=75, t=URDDD) new!
  (==========0=====BH=====I=====O=====U (f=99999, t=DRDDD) new!
n: ===============0GH=====I=====O=====U (f=71, t=RRDDD) / 79 & 62
  (==============0FGH=====I=====O=====U (f=85, t=RRRDDD) new!
  (===============MGH===0=I=====O=====U (f=99999, t=URRDDD) new!
  (=========0=====AGH=====I=====O=====U (f=99999, t=DRRDDD) new!
n: ==============0FG=====HN=====O=====U (f=74, t=RRDRDD) / 81 & 63
  (=============0EFG=====HN=====O=====U (f=99999, t=RRRDRDD) new!
  (==============LFG===0=HN=====O=====U (f=123, t=URRDRDD) new!
  (========0=====9FG=====HN=====O=====U (f=99999, t=DRRDRDD) new!
n: ================NH====0I=====O=====U (f=75, t=URDDD) / 83 & 64
  (================NH====I0=====O=====U (f=71, t=LURDDD) new!
  (================NH===0MI=====O=====U (f=99999, t=RURDDD) new!
  (================NH====TI====0O=====U (f=99999, t=UURDDD) new!
n: ================NH====I0=====O=====U (f=71, t=LURDDD) / 85 & 65
  (================NH====IO=====0=====U (f=54, t=ULURDDD) new!
  (================N0====IH=====O=====U (f=90, t=DLURDDD) new!
n: ================NH====IO=====0=====U (f=54, t=ULURDDD) / 86 & 66
  (================NH====IO====0T=====U (f=99999, t=RULURDDD) new!
  (================NH====IO=====U=====0 (f=55, t=UULURDDD) new!
n: ================NH====IO=====U=====0 (f=55, t=UULURDDD) / 87 & 67
  (================NH====IO=====U====0Z (f=57, t=RUULURDDD) new!
n: ================NH====IO=====U====0Z (f=57, t=RUULURDDD) / 87 & 68
  (================NH====IO=====U===0YZ (f=60, t=RRUULURDDD) new!
  (================NH====IO====0U====TZ (f=99999, t=DRUULURDDD) new!
n: ================NH====IO=====U===0YZ (f=60, t=RRUULURDDD) / 88 & 69
  (================NH====IO=====U==0XYZ (f=64, t=RRRUULURDDD) new!
  (================NH====IO===0=U===SYZ (f=99999, t=DRRUULURDDD) new!
n: ================NH====IO=====U==0XYZ (f=64, t=RRRUULURDDD) / 89 & 70
  (================NH====IO=====U=0WXYZ (f=99999, t=RRRRUULURDDD) new!
  (================NH====IO==0==U==RXYZ (f=95, t=DRRRUULURDDD) new!
n: ================IN====HO==0==U==RXYZ (f=84, t=DRRRUUULDRDD) / 90 & 71
  (================IN====HO==S0=U==RXYZ (f=99999, t=LDRRRUUULDRDD) new!
  (================IN====HO=0Q==U==RXYZ (f=99999, t=RDRRRUUULDRDD) new!
  (================IN==0=HO==L==U==RXYZ (f=133, t=DDRRRUUULDRDD) new!
n: ==============0FGH=====I=====O=====U (f=85, t=RRRDDD) / 92 & 72
  (=============0EFGH=====I=====O=====U (f=99999, t=RRRRDDD) new!
  (==============LFGH==0==I=====O=====U (f=134, t=URRRDDD) new!
  (========0=====9FGH=====I=====O=====U (f=99999, t=DRRRDDD) new!
n: ================0N====IH=====O=====U (f=89, t=DRULDRDD) / 94 & 73
  (================N0====IH=====O=====U (f=92, t=LDRULDRDD) 
  (===============0GN====IH=====O=====U (f=98, t=RDRULDRDD) new!
  (==========0=====BN====IH=====O=====U (f=99999, t=DDRULDRDD) new!
n: ================N0====IH=====O=====U (f=90, t=DLURDDD) / 95 & 74
  (================0N====IH=====O=====U (f=89, t=RDLURDDD) 
  (===========0====NC====IH=====O=====U (f=99999, t=DDLURDDD) new!
n: ================NH====IO==0==U==RXYZ (f=95, t=DRRRUULURDDD) / 95 & 75
  (================NH====IO==S0=U==RXYZ (f=99999, t=LDRRRUULURDDD) new!
  (================NH====IO=0Q==U==RXYZ (f=99999, t=RDRRRUULURDDD) new!
  (================NH==0=IO==L==U==RXYZ (f=144, t=DDRRRUULURDDD) new!
n: ===============0GN====IH=====O=====U (f=98, t=RDRULDRDD) / 97 & 76
  (==============0FGN====IH=====O=====U (f=112, t=RRDRULDRDD) new!
  (===============MGN===0IH=====O=====U (f=99999, t=URDRULDRDD) new!
  (=========0=====AGN====IH=====O=====U (f=99999, t=DRDRULDRDD) new!
n: ==============0FGN====IH=====O=====U (f=112, t=RRDRULDRDD) / 99 & 77
  (=============0EFGN====IH=====O=====U (f=99999, t=RRRDRULDRDD) new!
  (==============LFGN==0=IH=====O=====U (f=161, t=URRDRULDRDD) new!
  (========0=====9FGN====IH=====O=====U (f=99999, t=DRRDRULDRDD) new!
n: ==============LFG===0=HN=====O=====U (f=123, t=URRDRDD) / 101 & 78
  (==============LFG===M0HN=====O=====U (f=99999, t=LURRDRDD) new!
  (==============LFG==0K=HN=====O=====U (f=99999, t=RURRDRDD) new!
  (==============LFG===R=HN==0==O=====U (f=154, t=UURRDRDD) new!
n: ================IN==0=HO==L==U==RXYZ (f=133, t=DDRRRUUULDRDD) / 103 & 79
  (================IN==M0HO==L==U==RXYZ (f=99999, t=LDDRRRUUULDRDD) new!
  (================IN=0K=HO==L==U==RXYZ (f=99999, t=RDDRRRUUULDRDD) new!
  (==============0=IN==F=HO==L==U==RXYZ (f=212, t=DDDRRRUUULDRDD) new!
n: ==============LFGH==0==I=====O=====U (f=134, t=URRRDDD) / 105 & 80
  (==============LFGH==M0=I=====O=====U (f=99999, t=LURRRDDD) new!
  (==============LFGH=0K==I=====O=====U (f=99999, t=RURRRDDD) new!
  (==============LFGH==R==I==0==O=====U (f=165, t=UURRRDDD) new!
n: ================NH==0=IO==L==U==RXYZ (f=144, t=DDRRRUULURDDD) / 107 & 81
  (================NH==M0IO==L==U==RXYZ (f=99999, t=LDDRRRUULURDDD) new!
  (================NH=0K=IO==L==U==RXYZ (f=99999, t=RDDRRRUULURDDD) new!
  (==============0=NH==F=IO==L==U==RXYZ (f=223, t=DDDRRRUULURDDD) new!
n: ==============LFG===R=HN==0==O=====U (f=154, t=UURRDRDD) / 109 & 82
  (==============LFG===R=HN==S0=O=====U (f=99999, t=LUURRDRDD) new!
  (==============LFG===R=HN=0Q==O=====U (f=99999, t=RUURRDRDD) new!
  (==============LFG===R=HN==X==O==0==U (f=173, t=UUURRDRDD) new!
n: ==============LFGN==0=IH=====O=====U (f=161, t=URRDRULDRDD) / 111 & 83
  (==============LFGN==M0IH=====O=====U (f=99999, t=LURRDRULDRDD) new!
  (==============LFGN=0K=IH=====O=====U (f=99999, t=RURRDRULDRDD) new!
  (==============LFGN==R=IH==0==O=====U (f=192, t=UURRDRULDRDD) new!
n: ==============LFGH==R==I==0==O=====U (f=165, t=UURRRDDD) / 113 & 84
  (==============LFGH==R==I==S0=O=====U (f=99999, t=LUURRRDDD) new!
  (==============LFGH==R==I=0Q==O=====U (f=99999, t=RUURRRDDD) new!
  (==============LFGH==R==I==X==O==0==U (f=184, t=UUURRRDDD) new!
n: ==============LFG===R=HN==X==O==0==U (f=173, t=UUURRDRDD) / 115 & 85
  (==============LFG===R=HN==X==O==Y0=U (f=176, t=LUUURRDRDD) new!
  (==============LFG===R=HN==X==O=0W==U (f=99999, t=RUUURRDRDD) new!
n: ==============LFG===R=HN==X==O==Y0=U (f=176, t=LUUURRDRDD) / 116 & 86
  (==============LFG===R=HN==X==O==YZ0U (f=178, t=LLUUURRDRDD) new!
  (==============LFG===R=HN==X0=O==YS=U (f=99999, t=DLUUURRDRDD) new!
n: ==============LFG===R=HN==X==O==YZ0U (f=178, t=LLUUURRDRDD) / 117 & 87
  (==============LFG===R=HN==X==O==YZU0 (f=179, t=LLLUUURRDRDD) new!
  (==============LFG===R=HN==X=0O==YZTU (f=99999, t=DLLUUURRDRDD) new!
n: ==============LFG===R=HN==X==O==YZU0 (f=179, t=LLLUUURRDRDD) / 118 & 88
  (==============LFG===R=HN==X==0==YZUO (f=198, t=DLLLUUURRDRDD) new!
n: ==============LFGH==R==I==X==O==0==U (f=184, t=UUURRRDDD) / 118 & 89
  (==============LFGH==R==I==X==O==Y0=U (f=187, t=LUUURRRDDD) new!
  (==============LFGH==R==I==X==O=0W==U (f=99999, t=RUUURRRDDD) new!
n: ==============LFGH==R==I==X==O==Y0=U (f=187, t=LUUURRRDDD) / 119 & 90
  (==============LFGH==R==I==X==O==YZ0U (f=189, t=LLUUURRRDDD) new!
  (==============LFGH==R==I==X0=O==YS=U (f=99999, t=DLUUURRRDDD) new!
n: ==============LFGH==R==I==X==O==YZ0U (f=189, t=LLUUURRRDDD) / 120 & 91
  (==============LFGH==R==I==X==O==YZU0 (f=190, t=LLLUUURRRDDD) new!
  (==============LFGH==R==I==X=0O==YZTU (f=99999, t=DLLUUURRRDDD) new!
n: ==============LFGH==R==I==X==O==YZU0 (f=190, t=LLLUUURRRDDD) / 121 & 92
  (==============LFGH==R==I==X==0==YZUO (f=209, t=DLLLUUURRRDDD) new!
n: ==============LFGN==R=IH==0==O=====U (f=192, t=UURRDRULDRDD) / 121 & 93
  (==============LFGN==R=IH==S0=O=====U (f=99999, t=LUURRDRULDRDD) new!
  (==============LFGN==R=IH=0Q==O=====U (f=99999, t=RUURRDRULDRDD) new!
  (==============LFGN==R=IH==X==O==0==U (f=211, t=UUURRDRULDRDD) new!
n: ==============LFG===R=HN==X==0==YZUO (f=198, t=DLLLUUURRDRDD) / 123 & 94
  (==============LFG===R=HN==X=0T==YZUO (f=99999, t=RDLLLUUURRDRDD) new!
  (==============LFG===R=H0==X==N==YZUO (f=211, t=DDLLLUUURRDRDD) new!
n: ==============LFGH==R==I==X==0==YZUO (f=209, t=DLLLUUURRRDDD) / 124 & 95
  (==============LFGH==R==I==X=0T==YZUO (f=99999, t=RDLLLUUURRRDDD) new!
  (==============LFGH==R==0==X==I==YZUO (f=240, t=DDLLLUUURRRDDD) new!
n: ==============LFG===R=H0==X==N==YZUO (f=211, t=DDLLLUUURRDRDD) / 125 & 96
  (==============LFG===R=0H==X==N==YZUO (f=209, t=RDDLLLUUURRDRDD) new!
  (==============LFG0==R=HI==X==N==YZUO (f=242, t=DDDLLLUUURRDRDD) new!
n: ==============LFG===R=0H==X==N==YZUO (f=209, t=RDDLLLUUURRDRDD) / 126 & 97
  (==============LFG===R0MH==X==N==YZUO (f=99999, t=RRDDLLLUUURRDRDD) new!
  (==============LFG===R=TH==X=0N==YZUO (f=99999, t=URDDLLLUUURRDRDD) new!
  (==============LF0===R=GH==X==N==YZUO (f=258, t=DRDDLLLUUURRDRDD) new!
n: ==============LFGN==R=IH==X==O==0==U (f=211, t=UUURRDRULDRDD) / 128 & 98
  (==============LFGN==R=IH==X==O==Y0=U (f=214, t=LUUURRDRULDRDD) new!
  (==============LFGN==R=IH==X==O=0W==U (f=99999, t=RUUURRDRULDRDD) new!
n: ==============0=IN==F=HO==L==U==RXYZ (f=212, t=DDDRRRUUULDRDD) / 129 & 99
  (==============G0IN==F=HO==L==U==RXYZ (f=221, t=LDDDRRRUUULDRDD) new!
  (=============0E=IN==F=HO==L==U==RXYZ (f=99999, t=RDDDRRRUUULDRDD) new!
  (========0=====9=IN==F=HO==L==U==RXYZ (f=99999, t=DDDDRRRUUULDRDD) new!
n: ==============LFGN==R=IH==X==O==Y0=U (f=214, t=LUUURRDRULDRDD) / 131 & 100
  (==============LFGN==R=IH==X==O==YZ0U (f=216, t=LLUUURRDRULDRDD) new!
  (==============LFGN==R=IH==X0=O==YS=U (f=99999, t=DLUUURRDRULDRDD) new!
n: ==============LFGN==R=IH==X==O==YZ0U (f=216, t=LLUUURRDRULDRDD) / 132 & 101
  (==============LFGN==R=IH==X==O==YZU0 (f=217, t=LLLUUURRDRULDRDD) new!
  (==============LFGN==R=IH==X=0O==YZTU (f=99999, t=DLLUUURRDRULDRDD) new!
n: ==============LFGN==R=IH==X==O==YZU0 (f=217, t=LLLUUURRDRULDRDD) / 133 & 102
  (==============LFGN==R=IH==X==0==YZUO (f=236, t=DLLLUUURRDRULDRDD) new!
n: ==============G0IN==F=HO==L==U==RXYZ (f=221, t=LDDDRRRUUULDRDD) / 133 & 103
  (==============GI0N==F=HO==L==U==RXYZ (f=227, t=LLDDDRRRUUULDRDD) new!
  (==============GMIN==F0HO==L==U==RXYZ (f=99999, t=ULDDDRRRUUULDRDD) new!
  (=========0====GAIN==F=HO==L==U==RXYZ (f=99999, t=DLDDDRRRUUULDRDD) new!
n: ==============0=NH==F=IO==L==U==RXYZ (f=223, t=DDDRRRUULURDDD) / 135 & 104
  (==============G0NH==F=IO==L==U==RXYZ (f=232, t=LDDDRRRUULURDDD) new!
  (=============0E=NH==F=IO==L==U==RXYZ (f=99999, t=RDDDRRRUULURDDD) new!
  (========0=====9=NH==F=IO==L==U==RXYZ (f=99999, t=DDDDRRRUULURDDD) new!
n: ==============GI0N==F=HO==L==U==RXYZ (f=227, t=LLDDDRRRUUULDRDD) / 137 & 105
  (==============GIN0==F=HO==L==U==RXYZ (f=230, t=LLLDDDRRRUUULDRDD) new!
  (==============GIHN==F=0O==L==U==RXYZ (f=210, t=ULLDDDRRRUUULDRDD) new!
  (==========0===GIBN==F=HO==L==U==RXYZ (f=99999, t=DLLDDDRRRUUULDRDD) new!
n: ==============GIHN==F=0O==L==U==RXYZ (f=210, t=ULLDDDRRRUUULDRDD) / 139 & 106
  (==============GIHN==F=O0==L==U==RXYZ (f=208, t=LULLDDDRRRUUULDRDD) new!
  (==============GIHN==F0MO==L==U==RXYZ (f=99999, t=RULLDDDRRRUUULDRDD) new!
  (==============GIHN==F=TO==L=0U==RXYZ (f=99999, t=UULLDDDRRRUUULDRDD) new!
n: ==============GIHN==F=O0==L==U==RXYZ (f=208, t=LULLDDDRRRUUULDRDD) / 141 & 107
  (==============GIHN==F=OU==L==0==RXYZ (f=209, t=ULULLDDDRRRUUULDRDD) new!
  (==============GIH0==F=ON==L==U==RXYZ (f=197, t=DLULLDDDRRRUUULDRDD) new!
n: ==============GIH0==F=ON==L==U==RXYZ (f=197, t=DLULLDDDRRRUUULDRDD) / 142 & 108
  (==============GI0H==F=ON==L==U==RXYZ (f=195, t=RDLULLDDDRRRUUULDRDD) new!
  (===========0==GIHC==F=ON==L==U==RXYZ (f=99999, t=DDLULLDDDRRRUUULDRDD) new!
n: ==============GI0H==F=ON==L==U==RXYZ (f=195, t=RDLULLDDDRRRUUULDRDD) / 143 & 109
  (==============G0IH==F=ON==L==U==RXYZ (f=191, t=RRDLULLDDDRRRUUULDRDD) new!
  (==============GIOH==F=0N==L==U==RXYZ (f=214, t=URDLULLDDDRRRUUULDRDD) new!
  (==========0===GIBH==F=ON==L==U==RXYZ (f=99999, t=DRDLULLDDDRRRUUULDRDD) new!
n: ==============G0IH==F=ON==L==U==RXYZ (f=191, t=RRDLULLDDDRRRUUULDRDD) / 145 & 110
  (==============0GIH==F=ON==L==U==RXYZ (f=184, t=RRRDLULLDDDRRRUUULDRDD) new!
  (==============GMIH==F0ON==L==U==RXYZ (f=99999, t=URRDLULLDDDRRRUUULDRDD) new!
  (=========0====GAIH==F=ON==L==U==RXYZ (f=99999, t=DRRDLULLDDDRRRUUULDRDD) new!
n: ==============0GIH==F=ON==L==U==RXYZ (f=184, t=RRRDLULLDDDRRRUUULDRDD) / 147 & 111
  (=============0EGIH==F=ON==L==U==RXYZ (f=99999, t=RRRRDLULLDDDRRRUUULDRDD) new!
  (==============FGIH==0=ON==L==U==RXYZ (f=107, t=URRRDLULLDDDRRRUUULDRDD) new!
  (========0=====9GIH==F=ON==L==U==RXYZ (f=99999, t=DRRRDLULLDDDRRRUUULDRDD) new!
n: ==============FGIH==0=ON==L==U==RXYZ (f=107, t=URRRDLULLDDDRRRUUULDRDD) / 149 & 112
  (==============FGIH==M0ON==L==U==RXYZ (f=99999, t=LURRRDLULLDDDRRRUUULDRDD) new!
  (==============FGIH=0K=ON==L==U==RXYZ (f=99999, t=RURRRDLULLDDDRRRUUULDRDD) new!
  (==============FGIH==L=ON==0==U==RXYZ (f=60, t=UURRRDLULLDDDRRRUUULDRDD) new!
n: ==============FGIH==L=ON==0==U==RXYZ (f=60, t=UURRRDLULLDDDRRRUUULDRDD) / 151 & 113
  (==============FGIH==L=ON==S0=U==RXYZ (f=99999, t=LUURRRDLULLDDDRRRUUULDRDD) new!
  (==============FGIH==L=ON=0Q==U==RXYZ (f=99999, t=RUURRRDLULLDDDRRRUUULDRDD) new!
  (==============FGIH==L=ON==R==U==0XYZ (f=31, t=UUURRRDLULLDDDRRRUUULDRDD) new!
n: ==============FGIH==L=ON==R==U==0XYZ (f=31, t=UUURRRDLULLDDDRRRUUULDRDD) / 153 & 114
  (==============FGIH==L=ON==R==U==X0YZ (f=29, t=LUUURRRDLULLDDDRRRUUULDRDD) new!
  (==============FGIH==L=ON==R==U=0WXYZ (f=99999, t=RUUURRRDLULLDDDRRRUUULDRDD) new!
n: ==============FGIH==L=ON==R==U==X0YZ (f=29, t=LUUURRRDLULLDDDRRRUUULDRDD) / 154 & 115
  (==============FGIH==L=ON==R==U==XY0Z (f=28, t=LLUUURRRDLULLDDDRRRUUULDRDD) new!
  (==============FGIH==L=ON==R0=U==XSYZ (f=99999, t=DLUUURRRDLULLDDDRRRUUULDRDD) new!
n: ==============FGIH==L=ON==R==U==XY0Z (f=28, t=LLUUURRRDLULLDDDRRRUUULDRDD) / 155 & 116
  (==============FGIH==L=ON==R==U==XYZ0 (f=28, t=LLLUUURRRDLULLDDDRRRUUULDRDD) new!
  (==============FGIH==L=ON==R=0U==XYTZ (f=99999, t=DLLUUURRRDLULLDDDRRRUUULDRDD) new!
n: ==============FGIH==L=ON==R==U==XYZ0 (f=28, t=LLLUUURRRDLULLDDDRRRUUULDRDD) / 156 & 117
  (==============FGIH==L=ON==R==0==XYZU (f=29, t=DLLLUUURRRDLULLDDDRRRUUULDRDD) new!
n: ==============FGIH==L=ON==R==0==XYZU (f=29, t=DLLLUUURRRDLULLDDDRRRUUULDRDD) / 156 & 118
2943 DLLLUUURRRDLULLDDDRRRUUULDRDD
DUMP: o ==============GIHN==F=OU==L==0==RXYZ ULULLDDDRRRUUULDRDD 99999
DUMP: o ==============GIOH==F=0N==L==U==RXYZ URDLULLDDDRRRUUULDRDD 99999
DUMP: o ==============GIN0==F=HO==L==U==RXYZ LLLDDDRRRUUULDRDD 99999
DUMP: o ==============G0NH==F=IO==L==U==RXYZ LDDDRRRUULURDDD 99999
DUMP: o ==============LFGN==R=IH==X==0==YZUO DLLLUUURRDRULDRDD 99999
DUMP: o ==============LFGH==R==0==X==I==YZUO DDLLLUUURRRDDD 99999
DUMP: o ==============LFG0==R=HI==X==N==YZUO DDDLLLUUURRDRDD 99999
DUMP: o ==============LF0===R=GH==X==N==YZUO DRDDLLLUUURRDRDD 99999
DUMP: o ========0=====9=IN==F=HO==L==U==RXYZ DDDDRRRUUULDRDD 99999
DUMP: o ========0=====9=NH==F=IO==L==U==RXYZ DDDDRRRUULURDDD 99999
DUMP: o ========0=====9FG=====HN=====O=====U DRRDRDD 99999
DUMP: o ========0=====9FGH=====I=====O=====U DRRRDDD 99999
DUMP: o ========0=====9FGN====IH=====O=====U DRRDRULDRDD 99999
DUMP: o ========0=====9GIH==F=ON==L==U==RXYZ DRRRDLULLDDDRRRUUULDRDD 99999
DUMP: o =========0=====AG=====HN=====O=====U DRDRDD 99999
DUMP: o =========0=====AGH=====I=====O=====U DRRDDD 99999
DUMP: o =========0=====AGN====IH=====O=====U DRDRULDRDD 99999
DUMP: o =========0====GAIH==F=ON==L==U==RXYZ DRRDLULLDDDRRRUUULDRDD 99999
DUMP: o =========0====GAIN==F=HO==L==U==RXYZ DLDDDRRRUUULDRDD 99999
DUMP: o ==========0=====B=====HN=====O=====U DDRDD 99999
DUMP: o ==========0=====BH=====I=====O=====U DRDDD 99999
DUMP: o ==========0=====BN====IH=====O=====U DDRULDRDD 99999
DUMP: o ==========0===GIBH==F=ON==L==U==RXYZ DRDLULLDDDRRRUUULDRDD 99999
DUMP: o ==========0===GIBN==F=HO==L==U==RXYZ DLLDDDRRRUUULDRDD 99999
DUMP: o ===========0=====C=====I=====O=====U DDDD 99999
DUMP: o ===========0====IC====HN=====O=====U DLDRDD 99999
DUMP: o ===========0====NC====IH=====O=====U DDLURDDD 99999
DUMP: o ===========0==GIHC==F=ON==L==U==RXYZ DDLULLDDDRRRUUULDRDD 99999
DUMP: o =============0E=IN==F=HO==L==U==RXYZ RDDDRRRUUULDRDD 99999
DUMP: o =============0E=NH==F=IO==L==U==RXYZ RDDDRRRUULURDDD 99999
DUMP: o =============0EFG=====HN=====O=====U RRRDRDD 99999
DUMP: o =============0EFGH=====I=====O=====U RRRRDDD 99999
DUMP: o =============0EFGN====IH=====O=====U RRRDRULDRDD 99999
DUMP: o =============0EGIH==F=ON==L==U==RXYZ RRRRDLULLDDDRRRUUULDRDD 99999
DUMP: o ================0=====H=====N=====TZ DDDR 99999
DUMP: o ================0=====H=====NT=====U DDRD 99999
DUMP: o ================0=====HO====UT====NZ DRDLDRUULDRD 99999
DUMP: o ================0=====HT====OU====NZ DDDRUULDRD 99999
DUMP: o ================0=====HU====ON====TZ DDRULDDR 99999
DUMP: o =================0=====I====UO====TZ DDLDR 99999
DUMP: o =================0====OI====N=====TZ DLDDR 99999
DUMP: o =================0====OI====NT=====U DLDRD 99999
DUMP: o =================0====OI====TU====ZN DDDLURULDDR 99999
DUMP: o =================0====OI====UT====NZ DDLDRUULDRD 99999
DUMP: o =====================0=====M=====SYZ DDRR 70
DUMP: o =====================0=====MS=====TZ DRDR 65
DUMP: o =====================0=====MST=====U DRRD 66
DUMP: o =====================0=====MZT===SYU DDRURD 91
DUMP: o =====================0M=====N=====TZ RDDR 37
DUMP: o =====================0M=====NT=====U RDRD 38
DUMP: o =====================0MN=====O=====U RRDD 54
DUMP: o =====================0MO====UT====NZ RRDLDRUULDRD 37
DUMP: o =====================0MT====OU====NZ RDDRUULDRD 60
DUMP: o =====================0MU====ON====TZ RDRULDDR 44
DUMP: o =====================0OT===MNU===SYZ DDRRUULDRD 87
DUMP: o =====================0OT===MSU====NZ DRDRUULDRD 70
DUMP: o =====================0OU===MSN====TZ DRRULDDR 54
DUMP: o ======================0N====UO====TZ RDLDR 53
DUMP: o ======================0O====TU====ZN RDDLURULDDR 26
DUMP: o ======================0T====ON=====U DRULDRD 63
DUMP: o ======================0U====OT====ZN DRDLURULDDR 31
DUMP: o =======================0====ZO====UT DDLURD 73
DUMP: o ==========================0R=====SYZ RDRR 99999
DUMP: o ==========================0RS=====TZ RRDR 99999
DUMP: o ==========================0RST=====U RRRD 99999
DUMP: o ==========================0RZT===SYU RDRURD 99999
DUMP: o ============================0Z====UT RDLURD 56
DUMP: o ================================0XYZ RRR 99999
DUMP: o ============================UZ====0T RULDR 43
DUMP: o ============================ZT==0XYU RRURD 99999
DUMP: o ===========================T0====SYZ LDRR 42
DUMP: o ===========================YS===0XTZ RURDR 99999
DUMP: o ===========================YS====T0Z LURDR 50
DUMP: o ===========================YST==0X=U RURRD 99999
DUMP: o ===========================YST===Z0U LURRD 50
DUMP: o ===========================Z0T===SYU LDRURD 62
DUMP: o ======================OT==0=NU==RXYZ DRRRUULDRD 99999
DUMP: o ======================OT==0RNU===SYZ RDRRUULDRD 99999
DUMP: o ======================OT==0RSU====NZ RRDRUULDRD 99999
DUMP: o ======================OT===0SN=====U RRULDRD 48
DUMP: o ======================OT====NU=0WXYZ RRRRUULDRD 99999
DUMP: o ======================OT====UZ====0N RULDRUULDRD 46
DUMP: o ======================OT====ZN====0U URULDRD 51
DUMP: o ======================OT===N0U===SYZ LDRRUULDRD 57
DUMP: o ======================OT===YSU===0NZ URDRUULDRD 52
DUMP: o ======================OU==0RSN====TZ RRRULDDR 99999
DUMP: o ======================OU===0ST====ZN RRDLURULDDR 16
DUMP: o ======================OU====NZ====0T RUULDDR 28
DUMP: o ======================OU====TN===0YZ RURULDDR 11
DUMP: o ======================OU====ZT====0N URDLURULDDR 19
DUMP: o ======================OU===YSN===0TZ URRULDDR 36
DUMP: o ======================T0====OU====NZ LDDRUULDRD 53
DUMP: o ======================TN====0O=====U URDD 61
DUMP: o ======================U0====ON====TZ LDRULDDR 41
DUMP: o ======================UO===0ST====NZ RURDLDRUULDRD 24
DUMP: o ======================UO====NT====0Z UURDLDRUULDRD 21
DUMP: o ======================UO====T0====NZ LURDLDRUULDRD 19
DUMP: o ================IN=0K=HO==L==U==RXYZ RDDRRRUUULDRDD 99999
DUMP: o ================IN===0MH=====O=====U RRULDRDD 99999
DUMP: o ================IN====HO=0Q==U==RXYZ RDRRRUUULDRDD 99999
DUMP: o ================IN====HO===0=U===SYZ DRRUUULDRDD 99999
DUMP: o ================IN====HO====0T=====U RUULDRDD 99999
DUMP: o ================IN====HO====0U====TZ DRUUULDRDD 99999
DUMP: o ================IN====HO=====U=0WXYZ RRRRUUULDRDD 99999
DUMP: o ================IN====HO==S0=U==RXYZ LDRRRUUULDRDD 99999
DUMP: o ================IN====TH====0O=====U URULDRDD 99999
DUMP: o ================IN==M0HO==L==U==RXYZ LDDRRRUUULDRDD 99999
DUMP: o ================NH=0K=IO==L==U==RXYZ RDDRRRUULURDDD 99999
DUMP: o ================NH===0MI=====O=====U RURDDD 99999
DUMP: o ================NH====IO=0Q==U==RXYZ RDRRRUULURDDD 99999
DUMP: o ================NH====IO===0=U===SYZ DRRUULURDDD 99999
DUMP: o ================NH====IO====0T=====U RULURDDD 99999
DUMP: o ================NH====IO====0U====TZ DRUULURDDD 99999
DUMP: o ================NH====IO=====U=0WXYZ RRRRUULURDDD 99999
DUMP: o ================NH====IO==S0=U==RXYZ LDRRRUULURDDD 99999
DUMP: o ================NH====TI====0O=====U UURDDD 99999
DUMP: o ================NH==M0IO==L==U==RXYZ LDDRRRUULURDDD 99999
DUMP: o ===============MG====0HN=====O=====U URDRDD 99999
DUMP: o ===============MGH===0=I=====O=====U URRDDD 99999
DUMP: o ===============MGN===0IH=====O=====U URDRULDRDD 99999
DUMP: o ==============FGIH=0K=ON==L==U==RXYZ RURRRDLULLDDDRRRUUULDRDD 99999
DUMP: o ==============FGIH==L=ON=0Q==U==RXYZ RUURRRDLULLDDDRRRUUULDRDD 99999
DUMP: o ==============FGIH==L=ON==R0=U==XSYZ DLUUURRRDLULLDDDRRRUUULDRDD 99999
DUMP: o ==============FGIH==L=ON==R=0U==XYTZ DLLUUURRRDLULLDDDRRRUUULDRDD 99999
DUMP: o ==============FGIH==L=ON==R==0==XYZU DLLLUUURRRDLULLDDDRRRUUULDRDD 99999
DUMP: o ==============FGIH==L=ON==R==U=0WXYZ RUUURRRDLULLDDDRRRUUULDRDD 99999
DUMP: o ==============FGIH==L=ON==S0=U==RXYZ LUURRRDLULLDDDRRRUUULDRDD 99999
DUMP: o ==============FGIH==M0ON==L==U==RXYZ LURRRDLULLDDDRRRUUULDRDD 99999
DUMP: o ==============GIHN==F0MO==L==U==RXYZ RULLDDDRRRUUULDRDD 99999
DUMP: o ==============GIHN==F=TO==L=0U==RXYZ UULLDDDRRRUUULDRDD 99999
DUMP: o ==============GMIH==F0ON==L==U==RXYZ URRDLULLDDDRRRUUULDRDD 99999
DUMP: o ==============GMIN==F0HO==L==U==RXYZ ULDDDRRRUUULDRDD 99999
DUMP: o ==============LFG==0K=HN=====O=====U RURRDRDD 99999
DUMP: o ==============LFG===M0HN=====O=====U LURRDRDD 99999
DUMP: o ==============LFG===R0MH==X==N==YZUO RRDDLLLUUURRDRDD 99999
DUMP: o ==============LFG===R=HN=0Q==O=====U RUURRDRDD 99999
DUMP: o ==============LFG===R=HN==S0=O=====U LUURRDRDD 99999
DUMP: o ==============LFG===R=HN==X0=O==YS=U DLUUURRDRDD 99999
DUMP: o ==============LFG===R=HN==X=0O==YZTU DLLUUURRDRDD 99999
DUMP: o ==============LFG===R=HN==X=0T==YZUO RDLLLUUURRDRDD 99999
DUMP: o ==============LFG===R=HN==X==O=0W==U RUUURRDRDD 99999
DUMP: o ==============LFG===R=TH==X=0N==YZUO URDDLLLUUURRDRDD 99999
DUMP: o ==============LFGH=0K==I=====O=====U RURRRDDD 99999
DUMP: o ==============LFGH==M0=I=====O=====U LURRRDDD 99999
DUMP: o ==============LFGH==R==I=0Q==O=====U RUURRRDDD 99999
DUMP: o ==============LFGH==R==I==S0=O=====U LUURRRDDD 99999
DUMP: o ==============LFGH==R==I==X0=O==YS=U DLUUURRRDDD 99999
DUMP: o ==============LFGH==R==I==X=0O==YZTU DLLUUURRRDDD 99999
DUMP: o ==============LFGH==R==I==X=0T==YZUO RDLLLUUURRRDDD 99999
DUMP: o ==============LFGH==R==I==X==O=0W==U RUUURRRDDD 99999
DUMP: o ==============LFGN=0K=IH=====O=====U RURRDRULDRDD 99999
DUMP: o ==============LFGN==M0IH=====O=====U LURRDRULDRDD 99999
DUMP: o ==============LFGN==R=IH=0Q==O=====U RUURRDRULDRDD 99999
DUMP: o ==============LFGN==R=IH==S0=O=====U LUURRDRULDRDD 99999
DUMP: o ==============LFGN==R=IH==X0=O==YS=U DLUUURRDRULDRDD 99999
DUMP: o ==============LFGN==R=IH==X=0O==YZTU DLLUUURRDRULDRDD 99999
DUMP: o ==============LFGN==R=IH==X==O=0W==U RUUURRDRULDRDD 99999
DUMP: c =================================0YZ RR 20
DUMP: c =============================0=====U D 28
DUMP: c ======================O0====NT=====U LDRD 30
DUMP: c ============================0T=====U RD 31
DUMP: c ======================0=====NT=====U DRD 32
DUMP: c ======================O0====UT====NZ DLDRUULDRD 27
DUMP: c ======================OU====TN====0Z URULDDR 8
DUMP: c ======================OU====TN====Z0 LURULDDR 8
DUMP: c ==================================0Z R 17
DUMP: c ===================================0  15
DUMP: c ======================OU====T0====ZN DLURULDDR 9
DUMP: c ===========================0ST=====U RRD 35
DUMP: c ======================O0====N=====TZ LDDR 29
DUMP: c ======================0O====UT====NZ RDLDRUULDRD 31
DUMP: c ============================0=====TZ DR 30
DUMP: c ======================OU====0T====ZN RDLURULDDR 12
DUMP: c ======================0=====N=====TZ DDR 31
DUMP: c ======================OU====0N====TZ RULDDR 19
DUMP: c ============================U0====TZ LDR 33
DUMP: c ============================ZT====0U URD 38
DUMP: c ======================OT====NU=====0 UULDRD 32
DUMP: c ===========================0S=====TZ RDR 34
DUMP: c ============================ZT====U0 LURD 41
DUMP: c ======================OT====NU====0Z RUULDRD 34
DUMP: c ============================ZT===0YU RURD 41
DUMP: c ======================OT====0U====NZ DRUULDRD 35
DUMP: c ======================OU====N0====TZ ULDDR 18
DUMP: c ======================OT====N0=====U ULDRD 43
DUMP: c ======================OT====NU===0YZ RRUULDRD 37
DUMP: c ======================UO====0T====NZ URDLDRUULDRD 20
DUMP: c ======================OT====0N=====U RULDRD 44
DUMP: c ===========================0=====SYZ DRR 39
DUMP: c ============================UZ====T0 ULDR 40
DUMP: c ======================OT===0SU====NZ RDRUULDRD 39
DUMP: c ==============FGIH==L=ON==R==U==XY0Z LLUUURRRDLULLDDDRRRUUULDRDD 99999
DUMP: c ==============FGIH==L=ON==R==U==XYZ0 LLLUUURRRDLULLDDDRRRUUULDRDD 99999
DUMP: c =======================0=====O=====U DD 47
DUMP: c ======================OU===0SN====TZ RRULDDR 23
DUMP: c ==============FGIH==L=ON==R==U==X0YZ LUUURRRDLULLDDDRRRUUULDRDD 99999
DUMP: c ===========================YST===0=U URRD 48
DUMP: c ======================OU====NZ====T0 UULDDR 25
DUMP: c ==============FGIH==L=ON==R==U==0XYZ UUURRRDLULLDDDRRRUUULDRDD 99999
DUMP: c ======================0N=====O=====U RDD 48
DUMP: c ======================OT====UZ====N0 ULDRUULDRD 45
DUMP: c ============================Z0====UT DLURD 54
DUMP: c ===========================YS====0TZ URDR 47
DUMP: c =======================0====UO====TZ DLDR 52
DUMP: c ======================0T====OU====NZ DDRUULDRD 54
DUMP: c ===========================0ZT===SYU DRURD 60
DUMP: c ================IN====HO=====0=====U UULDRDD 99999
DUMP: c ======================0U====ON====TZ DRULDDR 38
DUMP: c ======================OT===0NU===SYZ DRRUULDRD 56
DUMP: c ================IN====HO=====U=====0 UUULDRDD 99999
DUMP: c ======================OT====NU==0XYZ RRRUULDRD 99999
DUMP: c ================IN====HO=====U====0Z RUUULDRDD 99999
DUMP: c ================I0====HN=====O=====U LDRDD 99999
DUMP: c ================IN====HO=====U===0YZ RRUUULDRDD 99999
DUMP: c ================0=====HN=====O=====U DRDD 99999
DUMP: c ================IN====HO=====U==0XYZ RRRUUULDRDD 99999
DUMP: c ================NH====IO=====0=====U ULURDDD 99999
DUMP: c ================NH====IO=====U=====0 UULURDDD 99999
DUMP: c ======================O0====TU====ZN DDLURULDDR 22
DUMP: c ================NH====IO=====U====0Z RUULURDDD 99999
DUMP: c ================IN====0H=====O=====U RULDRDD 99999
DUMP: c ===============0G=====HN=====O=====U RDRDD 99999
DUMP: c ================IN====H0=====O=====U ULDRDD 99999
DUMP: c ================NH====IO=====U===0YZ RRUULURDDD 99999
DUMP: c ==============FGIH==L=ON==0==U==RXYZ UURRRDLULLDDDRRRUUULDRDD 99999
DUMP: c ================0H=====I=====O=====U RDDD 99999
DUMP: c =================0=====I=====O=====U DDD 99999
DUMP: c ================NH====IO=====U==0XYZ RRRUULURDDD 99999
DUMP: c ===============0GH=====I=====O=====U RRDDD 99999
DUMP: c ================NH====I0=====O=====U LURDDD 99999
DUMP: c ==============0FG=====HN=====O=====U RRDRDD 99999
DUMP: c ================NH====0I=====O=====U URDDD 99999
DUMP: c ================IN====HO==0==U==RXYZ DRRRUUULDRDD 99999
DUMP: c ==============0FGH=====I=====O=====U RRRDDD 99999
DUMP: c ================0N====IH=====O=====U DRULDRDD 99999
DUMP: c ================N0====IH=====O=====U DLURDDD 99999
DUMP: c ================NH====IO==0==U==RXYZ DRRRUULURDDD 99999
DUMP: c ===============0GN====IH=====O=====U RDRULDRDD 99999
DUMP: c ==============FGIH==0=ON==L==U==RXYZ URRRDLULLDDDRRRUUULDRDD 99999
DUMP: c ==============0FGN====IH=====O=====U RRDRULDRDD 99999
DUMP: c ==============LFG===0=HN=====O=====U URRDRDD 99999
DUMP: c ================IN==0=HO==L==U==RXYZ DDRRRUUULDRDD 99999
DUMP: c ==============LFGH==0==I=====O=====U URRRDDD 99999
DUMP: c ================NH==0=IO==L==U==RXYZ DDRRRUULURDDD 99999
DUMP: c ==============LFG===R=HN==0==O=====U UURRDRDD 99999
DUMP: c ==============LFGN==0=IH=====O=====U URRDRULDRDD 99999
DUMP: c ==============LFGH==R==I==0==O=====U UURRRDDD 99999
DUMP: c ==============LFG===R=HN==X==O==0==U UUURRDRDD 99999
DUMP: c ==============LFG===R=HN==X==O==Y0=U LUUURRDRDD 99999
DUMP: c ==============LFG===R=HN==X==O==YZ0U LLUUURRDRDD 99999
DUMP: c ==============LFG===R=HN==X==O==YZU0 LLLUUURRDRDD 99999
DUMP: c ==============0GIH==F=ON==L==U==RXYZ RRRDLULLDDDRRRUUULDRDD 99999
DUMP: c ==============LFGH==R==I==X==O==0==U UUURRRDDD 99999
DUMP: c ==============LFGH==R==I==X==O==Y0=U LUUURRRDDD 99999
DUMP: c ==============LFGH==R==I==X==O==YZ0U LLUUURRRDDD 99999
DUMP: c ==============LFGH==R==I==X==O==YZU0 LLLUUURRRDDD 99999
DUMP: c ==============G0IH==F=ON==L==U==RXYZ RRDLULLDDDRRRUUULDRDD 99999
DUMP: c ==============LFGN==R=IH==0==O=====U UURRDRULDRDD 99999
DUMP: c ==============GI0H==F=ON==L==U==RXYZ RDLULLDDDRRRUUULDRDD 99999
DUMP: c ==============GIH0==F=ON==L==U==RXYZ DLULLDDDRRRUUULDRDD 99999
DUMP: c ==============LFG===R=HN==X==0==YZUO DLLLUUURRDRDD 99999
DUMP: c ==============GIHN==F=O0==L==U==RXYZ LULLDDDRRRUUULDRDD 99999
DUMP: c ==============LFG===R=0H==X==N==YZUO RDDLLLUUURRDRDD 99999
DUMP: c ==============LFGH==R==I==X==0==YZUO DLLLUUURRRDDD 99999
DUMP: c ==============GIHN==F=0O==L==U==RXYZ ULLDDDRRRUUULDRDD 99999
DUMP: c ==============LFG===R=H0==X==N==YZUO DDLLLUUURRDRDD 99999
DUMP: c ==============LFGN==R=IH==X==O==0==U UUURRDRULDRDD 99999
DUMP: c ==============0=IN==F=HO==L==U==RXYZ DDDRRRUUULDRDD 99999
DUMP: c ==============LFGN==R=IH==X==O==Y0=U LUUURRDRULDRDD 99999
DUMP: c ==============LFGN==R=IH==X==O==YZ0U LLUUURRDRULDRDD 99999
DUMP: c ==============LFGN==R=IH==X==O==YZU0 LLLUUURRDRULDRDD 99999
DUMP: c ==============G0IN==F=HO==L==U==RXYZ LDDDRRRUUULDRDD 99999
DUMP: c ==============0=NH==F=IO==L==U==RXYZ DDDRRRUULURDDD 99999
DUMP: c ==============GI0N==F=HO==L==U==RXYZ LLDDDRRRUUULDRDD 99999
DUMP: c ======================OT====U0====NZ LDRUULDRD 38
g: =====================MOU===ST0===YZN
3512 DLURULDDR
DUMP: o ==============GIOH==F=0N==L==U==RXYZ URDLULLDDDRRRUUULDRDD 99999
DUMP: o ==============GIN0==F=HO==L==U==RXYZ LLLDDDRRRUUULDRDD 99999
DUMP: o ==============G0NH==F=IO==L==U==RXYZ LDDDRRRUULURDDD 99999
DUMP: o ==============LFGN==R=IH==X==0==YZUO DLLLUUURRDRULDRDD 99999
DUMP: o ==============LFGH==R==0==X==I==YZUO DDLLLUUURRRDDD 99999
DUMP: o ==============LFG0==R=HI==X==N==YZUO DDDLLLUUURRDRDD 99999
DUMP: o ==============LF0===R=GH==X==N==YZUO DRDDLLLUUURRDRDD 99999
DUMP: o ========0=====9=IN==F=HO==L==U==RXYZ DDDDRRRUUULDRDD 99999
DUMP: o ========0=====9=NH==F=IO==L==U==RXYZ DDDDRRRUULURDDD 99999
DUMP: o ========0=====9FG=====HN=====O=====U DRRDRDD 99999
DUMP: o ========0=====9FGH=====I=====O=====U DRRRDDD 99999
DUMP: o ========0=====9FGN====IH=====O=====U DRRDRULDRDD 99999
DUMP: o ========0=====9GIH==F=ON==L==U==RXYZ DRRRDLULLDDDRRRUUULDRDD 99999
DUMP: o =========0=====AG=====HN=====O=====U DRDRDD 99999
DUMP: o =========0=====AGH=====I=====O=====U DRRDDD 99999
DUMP: o =========0=====AGN====IH=====O=====U DRDRULDRDD 99999
DUMP: o =========0====GAIH==F=ON==L==U==RXYZ DRRDLULLDDDRRRUUULDRDD 99999
DUMP: o =========0====GAIN==F=HO==L==U==RXYZ DLDDDRRRUUULDRDD 99999
DUMP: o ==========0=====B=====HN=====O=====U DDRDD 99999
DUMP: o ==========0=====BH=====I=====O=====U DRDDD 99999
DUMP: o ==========0=====BN====IH=====O=====U DDRULDRDD 99999
DUMP: o ==========0===GIBH==F=ON==L==U==RXYZ DRDLULLDDDRRRUUULDRDD 99999
DUMP: o ==========0===GIBN==F=HO==L==U==RXYZ DLLDDDRRRUUULDRDD 99999
DUMP: o ===========0=====C=====I=====O=====U DDDD 99999
DUMP: o ===========0====IC====HN=====O=====U DLDRDD 99999
DUMP: o ===========0====NC====IH=====O=====U DDLURDDD 99999
DUMP: o ===========0==GIHC==F=ON==L==U==RXYZ DDLULLDDDRRRUUULDRDD 99999
DUMP: o =============0E=IN==F=HO==L==U==RXYZ RDDDRRRUUULDRDD 99999
DUMP: o =============0E=NH==F=IO==L==U==RXYZ RDDDRRRUULURDDD 99999
DUMP: o =============0EFG=====HN=====O=====U RRRDRDD 99999
DUMP: o =============0EFGH=====I=====O=====U RRRRDDD 99999
DUMP: o =============0EFGN====IH=====O=====U RRRDRULDRDD 99999
DUMP: o =============0EGIH==F=ON==L==U==RXYZ RRRRDLULLDDDRRRUUULDRDD 99999
DUMP: o ================0=====H=====N=====TZ DDDR 99999
DUMP: o ================0=====H=====NT=====U DDRD 99999
DUMP: o ================0=====HO====UT====NZ DRDLDRUULDRD 99999
DUMP: o ================0=====HT====OU====NZ DDDRUULDRD 99999
DUMP: o ================0=====HU====ON====TZ DDRULDDR 99999
DUMP: o =================0=====I====UO====TZ DDLDR 69
DUMP: o =================0====OI====N=====TZ DLDDR 99999
DUMP: o =================0====OI====NT=====U DLDRD 99999
DUMP: o =================0====OI====TU====ZN DDDLURULDDR 99999
DUMP: o =================0====OI====UT====NZ DDLDRUULDRD 99999
DUMP: o =====================0=====M=====SYZ DDRR 39
DUMP: o =====================0=====MS=====TZ DRDR 72
DUMP: o =====================0=====MST=====U DRRD 69
DUMP: o =====================0=====MZT===SYU DDRURD 56
DUMP: o =====================0M=====N=====TZ RDDR 99999
DUMP: o =====================0M=====NT=====U RDRD 99999
DUMP: o =====================0MN=====O=====U RRDD 99999
DUMP: o =====================0MO====UT====NZ RRDLDRUULDRD 99999
DUMP: o =====================0MT====OU====NZ RDDRUULDRD 99999
DUMP: o =====================0MU====ON====TZ RDRULDDR 99999
DUMP: o =====================0OT===MNU===SYZ DDRRUULDRD 99999
DUMP: o =====================0OT===MSU====NZ DRDRUULDRD 99999
DUMP: o =====================0OU===MSN====TZ DRRULDDR 99999
DUMP: o ======================0N====UO====TZ RDLDR 99999
DUMP: o ======================0O====TU====ZN RDDLURULDDR 99999
DUMP: o ======================0T====ON=====U DRULDRD 99999
DUMP: o ======================0U====OT====ZN DRDLURULDDR 99999
DUMP: o =======================0====ZO====UT DDLURD 67
DUMP: o ==========================0R=====SYZ RDRR 99999
DUMP: o ==========================0RS=====TZ RRDR 99999
DUMP: o ==========================0RST=====U RRRD 99999
DUMP: o ==========================0RZT===SYU RDRURD 99999
DUMP: o ============================0Z====UT RDLURD 55
DUMP: o ================================0XYZ RRR 99999
DUMP: o ============================UZ====0T RULDR 42
DUMP: o ============================ZT==0XYU RRURD 99999
DUMP: o ===========================T0====SYZ LDRR 6
DUMP: o ===========================YS===0XTZ RURDR 99999
DUMP: o ===========================YS====T0Z LURDR 46
DUMP: o ===========================YST==0X=U RURRD 99999
DUMP: o ===========================YST===Z0U LURRD 46
DUMP: o ===========================Z0T===SYU LDRURD 26
DUMP: o ======================OT==0=NU==RXYZ DRRRUULDRD 99999
DUMP: o ======================OT==0RNU===SYZ RDRRUULDRD 99999
DUMP: o ======================OT==0RSU====NZ RRDRUULDRD 99999
DUMP: o ======================OT===0SN=====U RRULDRD 99999
DUMP: o ======================OT====NU=0WXYZ RRRRUULDRD 99999
DUMP: o ======================OT====UZ====0N RULDRUULDRD 99999
DUMP: o ======================OT====ZN====0U URULDRD 99999
DUMP: o ======================OT===N0U===SYZ LDRRUULDRD 99999
DUMP: o ======================OT===YSU===0NZ URDRUULDRD 99999
DUMP: o ======================OU==0RSN====TZ RRRULDDR 99999
DUMP: o ======================OU===0ST====ZN RRDLURULDDR 99999
DUMP: o ======================OU====NZ====0T RUULDDR 99999
DUMP: o ======================OU====TN===0YZ RURULDDR 99999
DUMP: o ======================OU====ZT====0N URDLURULDDR 99999
DUMP: o ======================OU===YSN===0TZ URRULDDR 99999
DUMP: o ======================T0====OU====NZ LDDRUULDRD 99999
DUMP: o ======================TN====0O=====U URDD 99999
DUMP: o ======================U0====ON====TZ LDRULDDR 99999
DUMP: o ======================UO===0ST====NZ RURDLDRUULDRD 99999
DUMP: o ======================UO====NT====0Z UURDLDRUULDRD 99999
DUMP: o ======================UO====T0====NZ LURDLDRUULDRD 99999
DUMP: o ================IN=0K=HO==L==U==RXYZ RDDRRRUUULDRDD 99999
DUMP: o ================IN===0MH=====O=====U RRULDRDD 99999
DUMP: o ================IN====HO=0Q==U==RXYZ RDRRRUUULDRDD 99999
DUMP: o ================IN====HO===0=U===SYZ DRRUUULDRDD 99999
DUMP: o ================IN====HO====0T=====U RUULDRDD 99999
DUMP: o ================IN====HO====0U====TZ DRUUULDRDD 99999
DUMP: o ================IN====HO=====U=0WXYZ RRRRUUULDRDD 99999
DUMP: o ================IN====HO==S0=U==RXYZ LDRRRUUULDRDD 99999
DUMP: o ================IN====TH====0O=====U URULDRDD 99999
DUMP: o ================IN==M0HO==L==U==RXYZ LDDRRRUUULDRDD 99999
DUMP: o ================NH=0K=IO==L==U==RXYZ RDDRRRUULURDDD 99999
DUMP: o ================NH===0MI=====O=====U RURDDD 99999
DUMP: o ================NH====IO=0Q==U==RXYZ RDRRRUULURDDD 99999
DUMP: o ================NH====IO===0=U===SYZ DRRUULURDDD 99999
DUMP: o ================NH====IO====0T=====U RULURDDD 99999
DUMP: o ================NH====IO====0U====TZ DRUULURDDD 99999
DUMP: o ================NH====IO=====U=0WXYZ RRRRUULURDDD 99999
DUMP: o ================NH====IO==S0=U==RXYZ LDRRRUULURDDD 99999
DUMP: o ================NH====TI====0O=====U UURDDD 99999
DUMP: o ================NH==M0IO==L==U==RXYZ LDDRRRUULURDDD 99999
DUMP: o ===============MG====0HN=====O=====U URDRDD 99999
DUMP: o ===============MGH===0=I=====O=====U URRDDD 109
DUMP: o ===============MGN===0IH=====O=====U URDRULDRDD 99999
DUMP: o ==============FGIH=0K=ON==L==U==RXYZ RURRRDLULLDDDRRRUUULDRDD 99999
DUMP: o ==============FGIH==L=ON=0Q==U==RXYZ RUURRRDLULLDDDRRRUUULDRDD 99999
DUMP: o ==============FGIH==L=ON==R0=U==XSYZ DLUUURRRDLULLDDDRRRUUULDRDD 99999
DUMP: o ==============FGIH==L=ON==R=0U==XYTZ DLLUUURRRDLULLDDDRRRUUULDRDD 99999
DUMP: o ==============FGIH==L=ON==R==0==XYZU DLLLUUURRRDLULLDDDRRRUUULDRDD 99999
DUMP: o ==============FGIH==L=ON==R==U=0WXYZ RUUURRRDLULLDDDRRRUUULDRDD 99999
DUMP: o ==============FGIH==L=ON==S0=U==RXYZ LUURRRDLULLDDDRRRUUULDRDD 99999
DUMP: o ==============FGIH==M0ON==L==U==RXYZ LURRRDLULLDDDRRRUUULDRDD 99999
DUMP: o ==============GIHN==F0MO==L==U==RXYZ RULLDDDRRRUUULDRDD 99999
DUMP: o ==============GIHN==F=OU==L==0==RXYZ ULULLDDDRRRUUULDRDD 99999
DUMP: o ==============GIHN==F=TO==L=0U==RXYZ UULLDDDRRRUUULDRDD 99999
DUMP: o ==============GMIH==F0ON==L==U==RXYZ URRDLULLDDDRRRUUULDRDD 99999
DUMP: o ==============GMIN==F0HO==L==U==RXYZ ULDDDRRRUUULDRDD 99999
DUMP: o ==============LFG==0K=HN=====O=====U RURRDRDD 99999
DUMP: o ==============LFG===M0HN=====O=====U LURRDRDD 99999
DUMP: o ==============LFG===R0MH==X==N==YZUO RRDDLLLUUURRDRDD 99999
DUMP: o ==============LFG===R=HN=0Q==O=====U RUURRDRDD 99999
DUMP: o ==============LFG===R=HN==S0=O=====U LUURRDRDD 99999
DUMP: o ==============LFG===R=HN==X0=O==YS=U DLUUURRDRDD 99999
DUMP: o ==============LFG===R=HN==X=0O==YZTU DLLUUURRDRDD 99999
DUMP: o ==============LFG===R=HN==X=0T==YZUO RDLLLUUURRDRDD 99999
DUMP: o ==============LFG===R=HN==X==O=0W==U RUUURRDRDD 99999
DUMP: o ==============LFG===R=TH==X=0N==YZUO URDDLLLUUURRDRDD 99999
DUMP: o ==============LFGH=0K==I=====O=====U RURRRDDD 99999
DUMP: o ==============LFGH==M0=I=====O=====U LURRRDDD 99999
DUMP: o ==============LFGH==R==I=0Q==O=====U RUURRRDDD 99999
DUMP: o ==============LFGH==R==I==S0=O=====U LUURRRDDD 99999
DUMP: o ==============LFGH==R==I==X0=O==YS=U DLUUURRRDDD 99999
DUMP: o ==============LFGH==R==I==X=0O==YZTU DLLUUURRRDDD 99999
DUMP: o ==============LFGH==R==I==X=0T==YZUO RDLLLUUURRRDDD 99999
DUMP: o ==============LFGH==R==I==X==O=0W==U RUUURRRDDD 99999
DUMP: o ==============LFGN=0K=IH=====O=====U RURRDRULDRDD 99999
DUMP: o ==============LFGN==M0IH=====O=====U LURRDRULDRDD 99999
DUMP: o ==============LFGN==R=IH=0Q==O=====U RUURRDRULDRDD 99999
DUMP: o ==============LFGN==R=IH==S0=O=====U LUURRDRULDRDD 99999
DUMP: o ==============LFGN==R=IH==X0=O==YS=U DLUUURRDRULDRDD 99999
DUMP: o ==============LFGN==R=IH==X=0O==YZTU DLLUUURRDRULDRDD 99999
DUMP: o ==============LFGN==R=IH==X==O=0W==U RUUURRDRULDRDD 99999
DUMP: c =============================0=====U D 31
DUMP: c ======================O0====NT=====U LDRD 99999
DUMP: c ============================0T=====U RD 35
DUMP: c ======================0=====NT=====U DRD 99999
DUMP: c ======================O0====UT====NZ DLDRUULDRD 99999
DUMP: c ======================OU====TN====0Z URULDDR 99999
DUMP: c ======================OU====TN====Z0 LURULDDR 99999
DUMP: c ==================================0Z R 19
DUMP: c ===================================0  18
DUMP: c ======================OU====T0====ZN DLURULDDR 99999
DUMP: c ===========================0ST=====U RRD 38
DUMP: c ======================O0====N=====TZ LDDR 99999
DUMP: c ======================0O====UT====NZ RDLDRUULDRD 99999
DUMP: c ============================0=====TZ DR 38
DUMP: c ======================OU====0T====ZN RDLURULDDR 99999
DUMP: c ======================0=====N=====TZ DDR 99999
DUMP: c =================================0YZ RR 19
DUMP: c ======================OU====0N====TZ RULDDR 99999
DUMP: c ============================U0====TZ LDR 37
DUMP: c ============================ZT====0U URD 36
DUMP: c ======================OT====NU=====0 UULDRD 99999
DUMP: c ===========================0S=====TZ RDR 41
DUMP: c ============================ZT====U0 LURD 35
DUMP: c ======================OT====NU====0Z RUULDRD 99999
DUMP: c ============================ZT===0YU RURD 36
DUMP: c ======================OT====0U====NZ DRUULDRD 99999
DUMP: c ======================OU====N0====TZ ULDDR 99999
DUMP: c ======================OT====N0=====U ULDRD 99999
DUMP: c ======================OT====NU===0YZ RRUULDRD 99999
DUMP: c ======================UO====0T====NZ URDLDRUULDRD 99999
DUMP: c ======================OT====0N=====U RULDRD 99999
DUMP: c ===========================0=====SYZ DRR 8
DUMP: c ============================UZ====T0 ULDR 38
DUMP: c ======================OT===0SU====NZ RDRUULDRD 99999
DUMP: c ==============FGIH==L=ON==R==U==XY0Z LLUUURRRDLULLDDDRRRUUULDRDD 99999
DUMP: c ==============FGIH==L=ON==R==U==XYZ0 LLLUUURRRDLULLDDDRRRUUULDRDD 99999
DUMP: c =======================0=====O=====U DD 44
DUMP: c ======================OU===0SN====TZ RRULDDR 99999
DUMP: c ==============FGIH==L=ON==R==U==X0YZ LUUURRRDLULLDDDRRRUUULDRDD 99999
DUMP: c ===========================YST===0=U URRD 45
DUMP: c ======================OU====NZ====T0 UULDDR 99999
DUMP: c ==============FGIH==L=ON==R==U==0XYZ UUURRRDLULLDDDRRRUUULDRDD 99999
DUMP: c ======================0N=====O=====U RDD 99999
DUMP: c ======================OT====UZ====N0 ULDRUULDRD 99999
DUMP: c ============================Z0====UT DLURD 54
DUMP: c ===========================YS====0TZ URDR 48
DUMP: c =======================0====UO====TZ DLDR 50
DUMP: c ======================0T====OU====NZ DDRUULDRD 99999
DUMP: c ===========================0ZT===SYU DRURD 25
DUMP: c ================IN====HO=====0=====U UULDRDD 99999
DUMP: c ======================0U====ON====TZ DRULDDR 99999
DUMP: c ======================OT===0NU===SYZ DRRUULDRD 99999
DUMP: c ================IN====HO=====U=====0 UUULDRDD 99999
DUMP: c ======================OT====NU==0XYZ RRRUULDRD 99999
DUMP: c ================IN====HO=====U====0Z RUUULDRDD 99999
DUMP: c ================I0====HN=====O=====U LDRDD 99999
DUMP: c ================IN====HO=====U===0YZ RRUUULDRDD 99999
DUMP: c ================0=====HN=====O=====U DRDD 99999
DUMP: c ================IN====HO=====U==0XYZ RRRUUULDRDD 99999
DUMP: c ================NH====IO=====0=====U ULURDDD 99999
DUMP: c ================NH====IO=====U=====0 UULURDDD 99999
DUMP: c ======================O0====TU====ZN DDLURULDDR 99999
DUMP: c ================NH====IO=====U====0Z RUULURDDD 99999
DUMP: c ================IN====0H=====O=====U RULDRDD 99999
DUMP: c ===============0G=====HN=====O=====U RDRDD 99999
DUMP: c ================IN====H0=====O=====U ULDRDD 99999
DUMP: c ================NH====IO=====U===0YZ RRUULURDDD 99999
DUMP: c ==============FGIH==L=ON==0==U==RXYZ UURRRDLULLDDDRRRUUULDRDD 99999
DUMP: c ================0H=====I=====O=====U RDDD 69
DUMP: c =================0=====I=====O=====U DDD 63
DUMP: c ================NH====IO=====U==0XYZ RRRUULURDDD 99999
DUMP: c ===============0GH=====I=====O=====U RRDDD 78
DUMP: c ================NH====I0=====O=====U LURDDD 99999
DUMP: c ==============0FG=====HN=====O=====U RRDRDD 99999
DUMP: c ================NH====0I=====O=====U URDDD 99999
DUMP: c ================IN====HO==0==U==RXYZ DRRRUUULDRDD 99999
DUMP: c ==============0FGH=====I=====O=====U RRRDDD 99999
DUMP: c ================0N====IH=====O=====U DRULDRDD 99999
DUMP: c ================N0====IH=====O=====U DLURDDD 99999
DUMP: c ================NH====IO==0==U==RXYZ DRRRUULURDDD 99999
DUMP: c ===============0GN====IH=====O=====U RDRULDRDD 99999
DUMP: c ==============FGIH==0=ON==L==U==RXYZ URRRDLULLDDDRRRUUULDRDD 99999
DUMP: c ==============0FGN====IH=====O=====U RRDRULDRDD 99999
DUMP: c ==============LFG===0=HN=====O=====U URRDRDD 99999
DUMP: c ================IN==0=HO==L==U==RXYZ DDRRRUUULDRDD 99999
DUMP: c ==============LFGH==0==I=====O=====U URRRDDD 99999
DUMP: c ================NH==0=IO==L==U==RXYZ DDRRRUULURDDD 99999
DUMP: c ==============LFG===R=HN==0==O=====U UURRDRDD 99999
DUMP: c ==============LFGN==0=IH=====O=====U URRDRULDRDD 99999
DUMP: c ==============LFGH==R==I==0==O=====U UURRRDDD 99999
DUMP: c ==============LFG===R=HN==X==O==0==U UUURRDRDD 99999
DUMP: c ==============LFG===R=HN==X==O==Y0=U LUUURRDRDD 99999
DUMP: c ==============LFG===R=HN==X==O==YZ0U LLUUURRDRDD 99999
DUMP: c ==============LFG===R=HN==X==O==YZU0 LLLUUURRDRDD 99999
DUMP: c ==============0GIH==F=ON==L==U==RXYZ RRRDLULLDDDRRRUUULDRDD 99999
DUMP: c ==============LFGH==R==I==X==O==0==U UUURRRDDD 99999
DUMP: c ==============LFGH==R==I==X==O==Y0=U LUUURRRDDD 99999
DUMP: c ==============LFGH==R==I==X==O==YZ0U LLUUURRRDDD 99999
DUMP: c ==============LFGH==R==I==X==O==YZU0 LLLUUURRRDDD 99999
DUMP: c ==============G0IH==F=ON==L==U==RXYZ RRDLULLDDDRRRUUULDRDD 99999
DUMP: c ==============LFGN==R=IH==0==O=====U UURRDRULDRDD 99999
DUMP: c ==============GI0H==F=ON==L==U==RXYZ RDLULLDDDRRRUUULDRDD 99999
DUMP: c ==============GIH0==F=ON==L==U==RXYZ DLULLDDDRRRUUULDRDD 99999
DUMP: c ==============LFG===R=HN==X==0==YZUO DLLLUUURRDRDD 99999
DUMP: c ==============GIHN==F=O0==L==U==RXYZ LULLDDDRRRUUULDRDD 99999
DUMP: c ==============LFG===R=0H==X==N==YZUO RDDLLLUUURRDRDD 99999
DUMP: c ==============LFGH==R==I==X==0==YZUO DLLLUUURRRDDD 99999
DUMP: c ==============GIHN==F=0O==L==U==RXYZ ULLDDDRRRUUULDRDD 99999
DUMP: c ==============LFG===R=H0==X==N==YZUO DDLLLUUURRDRDD 99999
DUMP: c ==============LFGN==R=IH==X==O==0==U UUURRDRULDRDD 99999
DUMP: c ==============0=IN==F=HO==L==U==RXYZ DDDRRRUUULDRDD 99999
DUMP: c ==============LFGN==R=IH==X==O==Y0=U LUUURRDRULDRDD 99999
DUMP: c ==============LFGN==R=IH==X==O==YZ0U LLUUURRDRULDRDD 99999
DUMP: c ==============LFGN==R=IH==X==O==YZU0 LLLUUURRDRULDRDD 99999
DUMP: c ==============G0IN==F=HO==L==U==RXYZ LDDDRRRUUULDRDD 99999
DUMP: c ==============0=NH==F=IO==L==U==RXYZ DDDRRRUULURDDD 99999
DUMP: c ======================OT====U0====NZ LDRUULDRD 99999
DUMP: c ==============GI0N==F=HO==L==U==RXYZ LLDDDRRRUUULDRDD 99999
g: ===============GHI===M=O===TU0===SYZ
n: ==============GIOH==F=0N==L==U==RXYZ (f=214, t=URDLULLDDDRRRUUULDRDD) / 156 & 118
  (==============GIOH==F=N0==L==U==RXYZ (f=99999, t=LURDLULLDDDRRRUUULDRDD) new!
  (==============GIOH==F0MN==L==U==RXYZ (f=99999, t=RURDLULLDDDRRRUUULDRDD) new!
  (==============GIOH==F=TN==L=0U==RXYZ (f=99999, t=UURDLULLDDDRRRUUULDRDD) new!
n: ==============GIN0==F=HO==L==U==RXYZ (f=230, t=LLLDDDRRRUUULDRDD) / 158 & 119
  (==============GINO==F=H0==L==U==RXYZ (f=99999, t=ULLLDDDRRRUUULDRDD) new!
  (===========0==GINC==F=HO==L==U==RXYZ (f=99999, t=DLLLDDDRRRUUULDRDD) new!
n: ==============G0NH==F=IO==L==U==RXYZ (f=232, t=LDDDRRRUULURDDD) / 159 & 120
  (==============GN0H==F=IO==L==U==RXYZ (f=99999, t=LLDDDRRRUULURDDD) new!
  (==============GMNH==F0IO==L==U==RXYZ (f=99999, t=ULDDDRRRUULURDDD) new!
  (=========0====GANH==F=IO==L==U==RXYZ (f=99999, t=DLDDDRRRUULURDDD) new!
n: ==============LFGN==R=IH==X==0==YZUO (f=236, t=DLLLUUURRDRULDRDD) / 161 & 121
  (==============LFGN==R=IH==X=0T==YZUO (f=99999, t=RDLLLUUURRDRULDRDD) new!
  (==============LFGN==R=I0==X==H==YZUO (f=99999, t=DDLLLUUURRDRULDRDD) new!
n: ==============LFGH==R==0==X==I==YZUO (f=240, t=DDLLLUUURRRDDD) / 162 & 122
  (==============LFGH==R=0N==X==I==YZUO (f=99999, t=RDDLLLUUURRRDDD) new!
  (==============LFG0==R==H==X==I==YZUO (f=99999, t=DDDLLLUUURRRDDD) new!
n: ==============LFG0==R=HI==X==N==YZUO (f=242, t=DDDLLLUUURRDRDD) / 163 & 123
  (==============LF0G==R=HI==X==N==YZUO (f=99999, t=RDDDLLLUUURRDRDD) new!
  (===========0==LFGC==R=HI==X==N==YZUO (f=99999, t=DDDDLLLUUURRDRDD) new!
n: ==============LF0===R=GH==X==N==YZUO (f=258, t=DRDDLLLUUURRDRDD) / 164 & 124
  (==============LFI0==R=GH==X==N==YZUO (f=99999, t=LDRDDLLLUUURRDRDD) new!
  (==============L0F===R=GH==X==N==YZUO (f=99999, t=RDRDDLLLUUURRDRDD) new!
  (==========0===LFB===R=GH==X==N==YZUO (f=99999, t=DDRDDLLLUUURRDRDD) new!
n: ========0=====9=IN==F=HO==L==U==RXYZ (f=99999, t=DDDDRRRUUULDRDD) / 166 & 125
ERROR: Invalid f(n) for ========0=====9=IN==F=HO==L==U==RXYZ
