Case #1:
0.5
0.5
0.5
Case #2:
0.645833333333
0.368055555556
0.604166666667
0.395833333333
Case #3:
0.559229811241
0.532443730379
0.395813692338
0.553620672455
0.502236705694
0.466187858886
0.503689444286
0.498093716303
0.444305508948
0.431894375649
0.469923103295
0.46008974813
0.488591892226
0.490083434273
0.504690256155
0.463257353029
0.387591576586
0.587745086577
0.520116549067
0.545196578522
0.536191845842
0.440898382555
0.496045333119
0.462828138422
0.529738980655
0.447258926807
0.522383686258
0.488033496656
0.366220628205
0.5817933303
0.502248417036
0.592319010734
0.525302772489
0.558488235686
0.404620470688
0.541791588262
0.533717222763
0.506852524803
0.493197022267
0.542817987236
0.489239051673
0.517656847229
0.455471244108
0.430038213474
0.600774012177
0.54833100657
0.470305465762
0.58107777671
0.46257074315
0.493088427171
0.529958874107
0.559058989121
0.578222767335
Case #4:
0.554292929293
0.599747474747
0.511363636364
0.569444444444
0.614898989899
0.42297979798
0.498737373737
0.52398989899
0.402777777778
0.42803030303
0.377525252525
0.430555555556
0.52904040404
0.445707070707
0.387626262626
0.526515151515
0.448232323232
0.501262626263
0.561868686869
0.534090909091
0.380050505051
0.405303030303
0.488636363636
0.587121212121
0.473484848485
0.443181818182
0.481060606061
0.382575757576
0.410353535354
0.546717171717
0.57196969697
0.47095959596
0.425505050505
0.440656565657
0.417929292929
0.508838383838
0.559343434343
0.420454545455
0.483585858586
0.385101010101
0.463383838384
0.582070707071
0.597222222222
0.612373737374
0.478535353535
0.57702020202
0.551767676768
0.47601010101
0.544191919192
0.433080808081
0.390151515152
0.460858585859
0.518939393939
0.455808080808
0.516414141414
0.564393939394
0.584595959596
0.397727272727
0.513888888889
0.493686868687
0.549242424242
0.503787878788
0.400252525253
0.458333333333
0.395202020202
0.465909090909
0.536616161616
0.574494949495
0.602272727273
0.521464646465
0.491161616162
0.496212121212
0.592171717172
0.392676767677
0.589646464646
0.609848484848
0.435606060606
0.579545454545
0.375
0.412878787879
0.617424242424
0.407828282828
0.566919191919
0.594696969697
0.486111111111
0.541666666667
0.450757575758
0.622474747475
0.506313131313
0.539141414141
0.607323232323
0.619949494949
0.453282828283
0.556818181818
0.625
0.531565656566
0.604797979798
0.438131313131
0.468434343434
0.415404040404
Case #5:
0.519332051227
0.533556395925
0.402976033077
0.539394512618
0.454640351331
0.535562219857
0.519606807812
0.551275445556
0.52490324289
0.532937700466
0.560625770895
0.474701802061
0.47387825631
0.402593118248
0.541147961025
0.402445162147
0.506637007482
0.553538033481
0.510637488054
0.527139456494
0.506677226231
0.507376971909
0.506314898759
0.52591781072
0.486128327553
0.521475865594
0.549662270639
0.425620052954
0.399455228758
0.519704553148
0.41834208567
0.447933249822
0.50186323023
0.546088047098
0.471361807465
0.546918531472
0.523243993921
0.519152308421
0.532479432526
0.546591493445
0.513381985063
0.438286810192
0.481461019755
0.449238463385
0.520707011855
0.547683592905
0.476153535095
0.567550643711
0.560268126059
0.4081298458
0.505519162845
0.537382034203
0.484135361008
0.425595205191
0.572282670542
0.526852625867
0.42908687455
0.53799994482
0.581461676565
0.479668026203
0.493199808072
0.435885545517
Case #6:
0.463659134629
0.530776744103
0.425128172367
0.537209760379
0.49335020942
0.573746572131
0.422043247865
0.410243469349
0.524803752019
0.521823294746
0.522340236445
0.512495633148
0.548315723284
0.58394504768
0.508124241342
0.517171938765
0.55167263696
0.562941681613
0.392883829893
0.495308129105
0.421080402943
0.514950597349
0.482438023794
0.508029161626
0.513120029123
0.410949929061
0.493031932634
0.428848871923
0.49605701714
0.474273188099
0.498572152562
0.560492838841
0.394344078621
0.525893070288
0.510295521059
0.541414306814
0.434734896133
0.489120537736
0.496115999343
0.432166126776
0.537907004484
0.462427555043
0.489429491053
0.440819689926
0.564408682392
0.564619044126
0.512000932966
0.480705755357
0.518706842252
0.439868563951
0.587787291707
0.459998605784
0.513976569896
0.520588003396
0.532646048951
0.544539090567
0.479015037182
0.537856927007
0.591021879394
0.550510529152
Case #7:
0.581886574074
0.565277777778
0.583333333333
0.795833333333
0.247916666667
0.400694444444
0.580902777778
0.184027777778
0.436458333333
0.625
0.606666666667
0.275
0.543055555556
0.4
0.551909722222
0.614756944444
0.534722222222
0.0819444444444
0.484722222222
0.598958333333
0.315885416667
0.602777777778
0.389583333333
0.745138888889
0.319444444444
0.511458333333
0.378472222222
0.369907407407
0.665972222222
0.653240740741
0.375347222222
0.705555555556
0.0694444444444
0.7125
0.429166666667
0.597222222222
0.8375
0.759953703704
0.263888888889
0.6375
0.559375
0.457638888889
0.447916666667
0.420833333333
0.363541666667
0.526041666667
0.699305555556
0.739583333333
0.567361111111
0.362037037037
0.230902777778
0.560486111111
0.381944444444
0.491927083333
0.552083333333
0.29375
0.596875
0.567708333333
0.4
0.90625
0.485648148148
0.171296296296
0.375
0.402083333333
0.401041666667
0.377777777778
0.557638888889
0.446875
Case #8:
0.467175347829
0.463002217936
0.514048441109
0.543376389757
0.514756285482
0.546173831744
0.44407534951
0.432000476602
0.527960170825
0.440133633988
0.43097531753
0.569449671871
0.520600060156
0.492531217114
0.453802613541
0.498942364067
0.439539339659
0.499165734462
0.544381753057
0.553343669902
0.5290244153
0.526728483155
0.52140004475
0.540478269264
0.529974261975
0.509622998377
0.538170000817
0.553935542962
0.494806186679
0.548343470833
0.518638412726
0.498611413665
0.44232099914
0.558255193714
0.519579872805
0.482056154064
0.525997936681
0.497848278936
0.54727489533
0.462836760468
0.462885565403
0.554350288234
0.483806445876
0.50882254401
0.431120930246
0.496553722254
0.444347785739
0.507965989964
0.524791203405
0.467933386335
0.531265811351
0.544116486987
0.417203068456
0.525865653504
0.511017747469
0.530989560733
0.498051435926
0.536171638909
0.450617717868
0.460191145914
0.498480064932
0.476404269804
0.554301734869
0.512954468423
0.462099520942
0.466351122115
0.546871386266
0.476995140289
0.547108627692
0.504766506012
0.409825288771
0.458662378903
0.540604146475
0.552572502819
0.550061311261
0.448888987678
0.556619652054
0.529067210465
0.511338362061
0.516419090818
0.533353233934
0.514692751536
0.451470802917
0.463995192341
0.549695864196
0.423860495891
0.522741717938
0.457066042475
0.47647732584
0.452634422828
0.421707660646
0.493817934404
0.384175574837
0.513680409455
0.526783733099
0.526373159487
0.494173435569
0.524821562109
0.494950330682
0.539220192737
Case #9:
0.4765625
0.229166666667
0.458333333333
0.34375
0.46875
0.296875
0.635416666667
0.510416666667
0.604166666667
0.824652777778
0.6875
0.479166666667
0.517361111111
0.447916666667
0.0833333333333
0.612847222222
Case #10:
0.145833333333
0.569444444444
0.631944444444
0.635416666667
0.527777777778
0.427083333333
0.947916666667
0.560763888889
0.291666666667
0.469444444444
0.3125
0.259722222222
0.627777777778
0.489583333333
0.5
0.604166666667
0.322916666667
0.290277777778
0.625
0.8
0.625
0.125
0.423611111111
0.635416666667
0.25
0.663194444444
0.356481481481
0.611111111111
0.635416666667
0.333333333333
0.525
0.263888888889
0.463541666667
0.729166666667
0.559027777778
0.506944444444
0.388888888889
0.65625
0.416666666667
0.489583333333
0.559027777778
0.569444444444
0.305555555556
0.422222222222
0.375
0.5
0.34375
0.472222222222
0.489583333333
0.256944444444
0.539583333333
0.458333333333
0.371527777778
0.3125
0.291666666667
0.458333333333
0.791666666667
0.470833333333
0.670138888889
0.171875
0.708333333333
0.524305555556
0.260416666667
0.395833333333
0.621527777778
0.609375
0.604166666667
0.518518518519
0.722222222222
0.510416666667
0.458333333333
0.666666666667
0.4375
0.421875
0.432291666667
0.425
0.421875
0.46875
0.677083333333
0.536458333333
0.739583333333
0.854166666667
0.402083333333
0.708333333333
0.503472222222
0.4625
0.78125
0.319444444444
0.477083333333
0.536458333333
0.381944444444
0.854166666667
0.555555555556
0.375
0.368055555556
0.307291666667
0.770833333333
0.375
0.791666666667
0.791666666667
Case #11:
0.5
0.5
0.5
0.5
0.5
0.5
0.5
0.5
0.5
0.5
0.5
0.5
0.5
0.5
0.5
0.5
0.5
0.5
0.5
0.5
0.5
0.5
0.5
0.5
0.5
0.5
0.5
0.5
0.5
0.5
0.5
0.5
0.5
0.5
0.5
0.5
0.5
0.5
0.5
0.5
0.5
0.5
0.5
0.5
0.5
0.5
0.5
0.5
0.5
0.5
0.5
0.5
0.5
0.5
0.5
0.5
0.5
0.5
0.5
0.5
0.5
0.5
0.5
0.5
0.5
0.5
0.5
0.5
0.5
0.5
0.5
0.5
0.5
0.5
0.5
0.5
0.5
0.5
0.5
0.5
0.5
0.5
0.5
0.5
0.5
0.5
0.5
0.5
0.5
0.5
0.5
0.5
0.5
0.5
0.5
0.5
0.5
0.5
0.5
Case #12:
0.428782382081
0.424237629053
0.541559419138
0.523180204083
0.529875731068
0.450253281988
0.393544412956
0.557584629712
0.437455033801
0.533217755335
0.501798032397
0.471525565458
0.553735299658
0.550240115026
0.543792023707
0.538187707439
0.50899622572
0.499182290872
0.527711993443
0.534855603166
0.526450042645
0.436780795467
0.545560567875
0.54997737831
0.543438445979
0.554358353996
0.515060360483
0.465929369771
0.551092659677
0.499424400679
0.523094877052
0.495197707969
0.559224148199
0.432161260046
0.506773076667
0.522341171322
0.525056398997
0.537260117612
0.443189638253
0.428697356377
0.483009674999
0.491072388001
0.534528693169
0.508133140511
0.424662350513
0.445132083673
0.535395834373
0.52071422738
0.471736686203
0.561909869702
0.511412114305
0.523782307347
0.506342125511
0.538678531845
0.403680676816
0.483795483274
0.520253734673
0.449957287699
0.514560828905
0.436249039391
0.533038258593
0.475549129087
0.485947052188
0.479794850486
0.427292344299
0.526891485358
0.480831544334
0.511574106217
0.480053427118
0.47669842603
0.489265977721
0.495105611009
0.507874132532
0.520025227891
0.524305250857
0.561268386814
0.416544920471
0.541866321115
0.475737558837
0.438610543594
0.470533835754
0.545102824253
0.5168604365
0.52168030591
0.443933074097
0.5524773704
Case #13:
0.549606886026
0.532334916691
0.534581804725
0.569229940568
0.531645851241
0.420459541127
0.417329281903
0.525920278922
0.41264372455
0.497676172207
0.422132081948
0.529728888983
0.435189880491
0.509194565225
0.512249790285
0.539994712542
0.422987151282
0.496689349032
0.447562325624
0.526918043141
0.547204459023
0.563812138931
0.502110743891
0.54531460809
0.528736154921
0.505313809566
0.545502657571
0.472249268175
0.433048705846
0.419021160871
0.412327968602
0.431212811611
0.563837678935
0.414556810338
0.533261637262
0.52301893758
0.436070779137
0.458382637944
0.543311390329
0.462946905258
0.524882135118
0.542267368296
0.403379937237
0.518922495328
0.5562666599
0.382008445321
0.491006893099
0.501323257153
0.50987375848
0.562543040591
0.519999883801
0.418062194979
0.56375106767
0.49846273464
0.538236388764
0.547486683175
0.472371518341
0.532342183046
0.508706089292
0.491071755674
0.487155688569
0.486436965698
0.55415565324
0.516433818378
0.544423531646
0.511298800493
0.494551888825
0.541207094713
0.524831206195
0.508485987028
0.549591231575
0.554532861101
0.401197176698
0.476124179142
0.507763798582
0.550486745586
0.531521038782
0.541893761274
0.484096419395
0.543240457477
0.514580429879
0.450901373991
0.493418490595
Case #14:
0.485362902402
0.530624543856
0.526979213705
0.582138706464
0.549683557709
0.431602571674
0.449683798958
0.518489851571
0.526332422955
0.430343813346
0.516073555203
0.597168015827
0.508419393685
0.399088388163
0.429602337147
0.492684870107
0.561078207142
0.427690053904
0.437382556285
0.566857044471
0.600301107773
0.474797717487
0.42940214492
0.555142007085
0.303737011621
0.458062728809
0.454845997857
0.596510767071
0.488121697026
0.387865699942
0.467224769554
0.561351630873
0.459537467921
0.556544395676
0.523407374938
0.538871193576
0.470619369945
0.567614026461
0.619674252559
0.493404797796
0.492268810034
0.512022895122
0.496057168112
0.59666005291
0.552720981319
0.53030514586
0.609431496083
0.597065543603
0.313216007738
0.308717802696
0.506957644628
0.565022845944
Case #15:
0.625
0.622474747475
0.619949494949
0.617424242424
0.614898989899
0.612373737374
0.609848484848
0.607323232323
0.604797979798
0.602272727273
0.599747474747
0.597222222222
0.594696969697
0.592171717172
0.589646464646
0.587121212121
0.584595959596
0.582070707071
0.579545454545
0.57702020202
0.574494949495
0.57196969697
0.569444444444
0.566919191919
0.564393939394
0.561868686869
0.559343434343
0.556818181818
0.554292929293
0.551767676768
0.549242424242
0.546717171717
0.544191919192
0.541666666667
0.539141414141
0.536616161616
0.534090909091
0.531565656566
0.52904040404
0.526515151515
0.52398989899
0.521464646465
0.518939393939
0.516414141414
0.513888888889
0.511363636364
0.508838383838
0.506313131313
0.503787878788
0.501262626263
0.498737373737
0.496212121212
0.493686868687
0.491161616162
0.488636363636
0.486111111111
0.483585858586
0.481060606061
0.478535353535
0.47601010101
0.473484848485
0.47095959596
0.468434343434
0.465909090909
0.463383838384
0.460858585859
0.458333333333
0.455808080808
0.453282828283
0.450757575758
0.448232323232
0.445707070707
0.443181818182
0.440656565657
0.438131313131
0.435606060606
0.433080808081
0.430555555556
0.42803030303
0.425505050505
0.42297979798
0.420454545455
0.417929292929
0.415404040404
0.412878787879
0.410353535354
0.407828282828
0.405303030303
0.402777777778
0.400252525253
0.397727272727
0.395202020202
0.392676767677
0.390151515152
0.387626262626
0.385101010101
0.382575757576
0.380050505051
0.377525252525
0.375
Case #16:
0.408902286775
0.549994165072
0.512473808567
0.512269765322
0.493351590145
0.471663518219
0.534307038972
0.536179945101
0.527401472764
0.508695395276
0.411609921576
0.521949858484
0.455606209858
0.52922976563
0.468869464107
0.526846324219
0.48774909723
0.446184836509
0.500638117716
0.519570594092
0.433223335197
0.531667852825
0.531027151695
0.54198176721
0.502415586535
0.547119977322
0.532324591086
0.451874883541
0.528506215864
0.449717140366
0.474047365562
0.448653807904
0.479919999026
0.54285752583
0.553314202863
0.440085161629
0.435819843107
0.531158914687
0.495353632385
0.528750954551
0.531791984966
0.560201903583
0.437263247904
0.53624774627
0.403411110348
0.517691541499
0.502724537143
0.493665704054
0.558957027343
0.526625330387
0.432205787813
0.525487810117
0.536982981426
0.513705400945
0.543938435381
0.53509535548
0.435502435719
Case #17:
0.387972536688
0.413729403519
0.527709418005
0.519131365529
0.552663901947
0.403397964486
0.556967640665
0.558897867976
0.518562730374
0.558174483033
0.457460238858
0.560374290853
0.477747400145
0.476560114432
0.52483393792
0.50033825281
0.528782040006
0.475299622922
0.526210029018
0.558402225681
0.408826907248
0.485768908938
0.476957058614
0.530569484824
0.524539687573
0.527058475027
0.557549460032
0.539266407979
0.442134624403
0.556692955786
0.487779937278
0.490392961885
0.511882523451
0.509822537914
0.514206859893
0.503410018067
0.505412046376
0.476273731307
0.496515644803
0.489164012406
0.422826661041
0.551806877695
0.507276767542
0.512531504683
0.500945143235
0.386470409535
0.484701552955
0.463437988479
0.554977116941
0.41649644999
0.44769698792
0.48365272376
0.526507630128
0.529559092785
0.57134855259
Case #18:
0.483051832946
0.50566933099
0.475814270262
0.456619838928
0.481992187732
0.435946869425
0.514200872605
0.502276947095
0.495372588984
0.559158012637
0.419995528719
0.498579939528
0.46767040674
0.548416612638
0.426380718083
0.533138362369
0.410148743511
0.398162127502
0.446126769801
0.488123184096
0.539043302027
0.55243706933
0.473503194843
0.500574230505
0.569093325625
0.548800497551
0.473717854324
0.565496144924
0.409006823203
0.43988389178
0.398121355846
0.463928818989
0.404701370844
0.493064970637
0.56280819961
0.548282191822
0.530956831587
0.610405137254
0.582770297257
0.557771999613
0.6153091052
0.575048984007
0.388013925561
0.602048319226
0.359828272488
0.612080207301
Case #19:
0.455671841201
0.543240748213
0.507895925041
0.404692969628
0.478640605892
0.513218193056
0.541312222867
0.54779326593
0.539816411255
0.446233305828
0.470659367744
0.537156850378
0.475981017833
0.550454695537
0.462683818235
0.511772177605
0.396185140067
0.539813305767
0.532385419243
0.505238823638
0.546079448348
0.515877767524
0.454700065797
0.43524937705
0.51587460722
0.52119753484
0.543257511682
0.499918451986
0.486621211616
0.386589876358
0.463015323882
0.48638189957
0.528925207882
0.518535445628
0.523855831324
0.521199389979
0.522621408613
0.534492865255
0.507571124097
0.539815174496
0.430761435657
0.55258566783
0.483959136448
0.510558000209
0.511490855155
0.526519170885
0.501041765694
0.545135560192
0.460019255958
0.444061767924
0.385699789785
0.545985462699
0.515879017874
0.44244177159
0.529180586901
0.534496011969
0.473718639645
0.510556131479
0.53449539359
0.545998439286
0.41965832935
0.515877135554
0.492574467601
0.491937818627
0.527109202245
0.507895883815
0.524581627321
0.539087739588
0.52119565252
0.409483589562
0.531837069472
0.550457814616
0.536710674441
0.50790091285
0.499917820016
0.550451576458
0.497260127868
0.551609794279
0.497260114277
0.438366205388
0.422403651788
0.483960386798
0.526517288565
0.506145543067
0.507896529377
0.491939110203
0.470656262255
0.544801716183
0.518535418447
0.534445969606
0.515876517175
0.422753067848
0.455331814573
0.489279522144
0.497255744395
Case #20:
0.51441763645
0.472045315049
0.530415497926
0.50921648561
0.473598066393
0.44349996557
0.4211690262
0.5372457579
0.497001503528
0.513234735614
0.49154848467
0.55612184381
0.405172268476
0.462922241775
0.480991719522
0.555786865518
0.488054024732
0.4726344751
0.509991622983
0.442223399827
0.492282137355
0.488252113054
0.469478464587
0.452242580706
0.544373406545
0.569747029791
0.441800324446
0.520770392329
0.488212971867
0.54514879414
0.493844844922
0.567613065242
0.553864965779
0.517148554549
0.507149257237
0.52125371739
0.449977722371
0.493087701523
0.469501233962
0.488074946172
0.531865592586
0.440308423865
0.583112406474
0.424913253976
0.407843243422
0.538671264463
0.526982571253
0.531407876858
0.566231614276
0.483493197738
0.551127706571
0.576606389788
0.518963955133
0.494213649944
0.463503434124
0.461167106328
0.411280348876
0.476301189456
0.516818676388
0.53844527193
0.516554052665
0.545395670654
0.435322593099
0.386607839379
0.413757330457
0.552774631433
0.525319781881
0.536100735824
0.482532167019
0.448821227181
0.386202167607
0.577871435549
0.471164474408
0.465352363589
0.505647782433
0.560371195063
0.553943683213
0.486812159862
0.514293606427
0.503833227452
0.384307665273
0.580256051309
0.388245462967
0.480706141434
0.538560509985
0.531424106202
0.53099116115
0.475727425382
0.557536397064
0.577504944818
0.571108010152
0.477896995616
0.421631412518
0.522557172222
0.556612004805
0.539438430451
0.54855510011
0.498794551835
0.553887895915
0.510349780159
