Case #1:
0.5
0.5
0.5
Case #2:
0.645833333333
0.368055555556
0.604166666667
0.395833333333
Case #3:
0.510416666667
0.385416666667
0.692708333333
0.526041666667
0.572916666667
0.348958333333
0.34375
0.552083333333
Case #4:
0.6875
0.447916666667
0.381944444444
0.375
0.729166666667
0.458333333333
Case #5:
0.625
0.597222222222
0.569444444444
0.541666666667
0.513888888889
0.486111111111
0.458333333333
0.430555555556
0.402777777778
0.375
Case #6:
0.554537037037
0.653020833333
0.533680555556
0.471614583333
0.575
0.306666666667
0.434166666667
0.324444444444
0.438069444444
0.699189814815
Case #7:
0.670833333333
0.491666666667
0.4875
0.4875
0.479166666667
0.458333333333
0.354166666667
0.5625
0.360416666667
0.5125
Case #8:
0.478548651603
0.42942936103
0.632506909014
0.560806912051
0.547881741983
0.490035076531
0.485655065598
0.494132653061
0.520818452381
0.422669156948
Case #9:
0.458333333333
0.5
0.402777777778
0.597222222222
0.541666666667
Case #10:
0.75
0.25
0.458333333333
0.541666666667
Case #11:
0.454166666667
0.475625
0.403125
0.575625
0.62578125
0.453125
Case #12:
0.289930555556
0.591666666667
0.614930555556
0.697569444444
0.438657407407
0.428645833333
0.243055555556
0.647222222222
0.4015625
Case #13:
0.5
0.5
0.5
0.5
0.5
0.5
0.5
0.5
0.5
Case #14:
0.546569444444
0.496277777778
0.538236111111
0.484930555556
0.428680555556
0.405104166667
0.601902777778
Case #15:
0
0.1875
0.25
0.5
0.75
0.8125
1
Case #16:
0.456944444444
0.4359375
0.6075
0.663888888889
0.403819444444
0.543055555556
0.455138888889
Case #17:
0.268229166667
0.428819444444
0.535069444444
0.841319444444
0.322222222222
0.753472222222
0.623958333333
0.368402777778
0.1875
0.535416666667
Case #18:
0.503125
0.38875
0.60375
0.48125
0.503125
0.588541666667
0.476388888889
Case #19:
0.513888888889
0.458333333333
0.430555555556
0.625
0.486111111111
0.402777777778
0.541666666667
0.569444444444
0.597222222222
0.375
Case #20:
0.375
0.625
0.5
